# SUSY Les Houches Accord 2.beta - NMSSM spectrum + Decays
# SPheno module generated by SARAH
# ----------------------------------------------------------------------
# SPheno v3.2.1  
# W. Porod, Comput. Phys. Commun. 153 (2003) 275-315, hep-ph/0301101
# W. Porod, F.Staub, Comput.Phys.Commun.183 (2012) 2458-2469, arXiv:1104.1573
# SARAH: SARAHVER
# F. Staub, arXiv:0806.0538 (online manual)
# F. Staub, Comput. Phys. Commun. 181 (2010) 1077-1086, arXiv:0909.2863
# F. Staub, Comput. Phys. Commun. 182 (2011)  808-833, arXiv:1002.0840
# F. Staub, arXiv:1207.0906 
#  
# in case of problems send email to porod@physik.uni-wuerzburg.de 
# or to fnstaub@th.physik.uni-bonn.de 
# ----------------------------------------------------------------------
# Created: 24.06.2013,  12:30
Block SPINFO         # Program information
     1   SPhenoSARAH      # spectrum calculator
     2   v3.2.1      # version number of SPheno
     4   SARAHVER    # version number of SARAH
Block MODSEL  # Input parameters
     1  1   #  GUT scale input
     2  1   #  Boundary conditions 
Block MINPAR  # Input parameters
    1    1.74000000E+02  # m0
    2    5.00000000E+02  # m12
    3    1.00000000E+01  # TanBeta
    5   -1.50000000E+03  # Azero
Block EXTPAR  # Input parameters
   61    1.00000000E-01  # LambdaInput
   62    1.10000000E-01  # KappaInput
   63   -1.50000000E+03  # ALambdaInput
   64   -3.39000000E+01  # AKappaInput
   65    1.36890000E+04  # vSInput
Block gaugeGUT Q=  1.72675687E+16  # (GUT scale)
   1    7.11866524E-01  # g1(Q)^DRbar
   2    7.11858184E-01  # g2(Q)^DRbar
   3    7.05664483E-01  # g3(Q)^DRbar
Block SMINPUTS  # SM parameters
         1     1.27931489E+02  # alpha_em^-1(MZ)^MSbar
         2     1.16639000E-05  # G_mu [GeV^-2]
         3     1.19000000E-01  # alpha_s(MZ)^MSbar
         4     9.11876000E+01  # m_Z(pole)
         5     4.20000000E+00  # m_b(m_b), MSbar
         6     1.72900000E+02  # m_t(pole)
         7     1.77700000E+00  # m_tau(pole)
Block GAUGE Q=  1.00000000E+03  # (SUSY scale)
   1    3.62776550E-01  # g1
   2    6.42186443E-01  # g2
   3    1.06455368E+00  # g3
Block NMSSMRUN Q=  1.00000000E+03  # (SUSY scale)
   1    1.00000000E-01  # lam
   2    1.10000000E-01  # kap
   3   -9.47858453E+01  # Tlam
   4   -2.17500481E-01  # Tk
  10   -2.26548413E+06  # ms2
   5    1.36890000E+04  # vS
Block MSOFT Q=  1.00000000E+03  # (SUSY scale)
  21    3.38729489E+05  # mHd2
  22   -8.97032051E+05  # mHu2
   1    2.11914677E+02  # M1
   2    3.92029766E+02  # M2
   3    1.11767812E+03  # M3
Block HMIX Q=  1.00000000E+03  # (SUSY scale)
 102    2.42084780E+01  # vd
 103    2.42084780E+02  # vu
   3    2.43292193E+02  # v
  10    1.47113006E+00  # betaH
Block PHASES Q=  1.00000000E+03  # (SUSY scale)
   1    1.00000000E+00  # pG
Block TREEMSOFT Q=  1.00000000E+03  # (SUSY scale)
  21    1.98332436E+05  # mHd2
  22   -9.29706858E+05  # mHu2
Block Yu Q=  1.00000000E+03  # (SUSY Scale)
  1  1     8.37586591E-06   # Real(Yu(1,1),dp)
  1  2     0.00000000E+00   # Real(Yu(1,2),dp)
  1  3     0.00000000E+00   # Real(Yu(1,3),dp)
  2  1     0.00000000E+00   # Real(Yu(2,1),dp)
  2  2     3.54578327E-03   # Real(Yu(2,2),dp)
  2  3     0.00000000E+00   # Real(Yu(2,3),dp)
  3  1     0.00000000E+00   # Real(Yu(3,1),dp)
  3  2     0.00000000E+00   # Real(Yu(3,2),dp)
  3  3     8.57250909E-01   # Real(Yu(3,3),dp)
Block Yd Q=  1.00000000E+03  # (SUSY Scale)
  1  1     1.29753345E-04   # Real(Yd(1,1),dp)
  1  2     0.00000000E+00   # Real(Yd(1,2),dp)
  1  3     0.00000000E+00   # Real(Yd(1,3),dp)
  2  1     0.00000000E+00   # Real(Yd(2,1),dp)
  2  2     2.72481881E-03   # Real(Yd(2,2),dp)
  2  3     0.00000000E+00   # Real(Yd(2,3),dp)
  3  1     0.00000000E+00   # Real(Yd(3,1),dp)
  3  2     0.00000000E+00   # Real(Yd(3,2),dp)
  3  3     1.32980774E-01   # Real(Yd(3,3),dp)
Block Ye Q=  1.00000000E+03  # (SUSY Scale)
  1  1     2.98329336E-05   # Real(Ye(1,1),dp)
  1  2     0.00000000E+00   # Real(Ye(1,2),dp)
  1  3     0.00000000E+00   # Real(Ye(1,3),dp)
  2  1     0.00000000E+00   # Real(Ye(2,1),dp)
  2  2     6.16846820E-03   # Real(Ye(2,2),dp)
  2  3     0.00000000E+00   # Real(Ye(2,3),dp)
  3  1     0.00000000E+00   # Real(Ye(3,1),dp)
  3  2     0.00000000E+00   # Real(Ye(3,2),dp)
  3  3     1.03649152E-01   # Real(Ye(3,3),dp)
Block Tu Q=  1.00000000E+03  # (SUSY Scale)
  1  1    -1.80122200E-02   # Real(Tu(1,1),dp)
  1  2     0.00000000E+00   # Real(Tu(1,2),dp)
  1  3     0.00000000E+00   # Real(Tu(1,3),dp)
  2  1     0.00000000E+00   # Real(Tu(2,1),dp)
  2  2    -7.62511956E+00   # Real(Tu(2,2),dp)
  2  3     0.00000000E+00   # Real(Tu(2,3),dp)
  3  1     0.00000000E+00   # Real(Tu(3,1),dp)
  3  2     0.00000000E+00   # Real(Tu(3,2),dp)
  3  3    -1.21111794E+03   # Real(Tu(3,3),dp)
Block Td Q=  1.00000000E+03  # (SUSY Scale)
  1  1    -3.73090885E-01   # Real(Td(1,1),dp)
  1  2     0.00000000E+00   # Real(Td(1,2),dp)
  1  3     0.00000000E+00   # Real(Td(1,3),dp)
  2  1     0.00000000E+00   # Real(Td(2,1),dp)
  2  2    -7.83487236E+00   # Real(Td(2,2),dp)
  2  3     0.00000000E+00   # Real(Td(2,3),dp)
  3  1     0.00000000E+00   # Real(Td(3,1),dp)
  3  2     0.00000000E+00   # Real(Td(3,2),dp)
  3  3    -3.47858534E+02   # Real(Td(3,3),dp)
Block Te Q=  1.00000000E+03  # (SUSY Scale)
  1  1    -5.29868155E-02   # Real(Te(1,1),dp)
  1  2     0.00000000E+00   # Real(Te(1,2),dp)
  1  3     0.00000000E+00   # Real(Te(1,3),dp)
  2  1     0.00000000E+00   # Real(Te(2,1),dp)
  2  2    -1.09555947E+01   # Real(Te(2,2),dp)
  2  3     0.00000000E+00   # Real(Te(2,3),dp)
  3  1     0.00000000E+00   # Real(Te(3,1),dp)
  3  2     0.00000000E+00   # Real(Te(3,2),dp)
  3  3    -1.82509973E+02   # Real(Te(3,3),dp)
Block MSQ2 Q=  1.00000000E+03  # (SUSY Scale)
  1  1     1.06490700E+06   # Real(mq2(1,1),dp)
  1  2     0.00000000E+00   # Real(mq2(1,2),dp)
  1  3     0.00000000E+00   # Real(mq2(1,3),dp)
  2  1     0.00000000E+00   # Real(mq2(2,1),dp)
  2  2     1.06488947E+06   # Real(mq2(2,2),dp)
  2  3     0.00000000E+00   # Real(mq2(2,3),dp)
  3  1     0.00000000E+00   # Real(mq2(3,1),dp)
  3  2     0.00000000E+00   # Real(mq2(3,2),dp)
  3  3     7.00047364E+05   # Real(mq2(3,3),dp)
Block MSL2 Q=  1.00000000E+03  # (SUSY Scale)
  1  1     1.16076330E+05   # Real(ml2(1,1),dp)
  1  2     0.00000000E+00   # Real(ml2(1,2),dp)
  1  3     0.00000000E+00   # Real(ml2(1,3),dp)
  2  1     0.00000000E+00   # Real(ml2(2,1),dp)
  2  2     1.16031338E+05   # Real(ml2(2,2),dp)
  2  3     0.00000000E+00   # Real(ml2(2,3),dp)
  3  1     0.00000000E+00   # Real(ml2(3,1),dp)
  3  2     0.00000000E+00   # Real(ml2(3,2),dp)
  3  3     1.03454589E+05   # Real(ml2(3,3),dp)
Block MSD2 Q=  1.00000000E+03  # (SUSY Scale)
  1  1     9.88602593E+05   # Real(md2(1,1),dp)
  1  2     0.00000000E+00   # Real(md2(1,2),dp)
  1  3     0.00000000E+00   # Real(md2(1,3),dp)
  2  1     0.00000000E+00   # Real(md2(2,1),dp)
  2  2     9.88585675E+05   # Real(md2(2,2),dp)
  2  3     0.00000000E+00   # Real(md2(2,3),dp)
  3  1     0.00000000E+00   # Real(md2(3,1),dp)
  3  2     0.00000000E+00   # Real(md2(3,2),dp)
  3  3     9.51252506E+05   # Real(md2(3,3),dp)
Block MSU2 Q=  1.00000000E+03  # (SUSY Scale)
  1  1     9.51422199E+05   # Real(mu2(1,1),dp)
  1  2     0.00000000E+00   # Real(mu2(1,2),dp)
  1  3     0.00000000E+00   # Real(mu2(1,3),dp)
  2  1     0.00000000E+00   # Real(mu2(2,1),dp)
  2  2     9.51403688E+05   # Real(mu2(2,2),dp)
  2  3     0.00000000E+00   # Real(mu2(2,3),dp)
  3  1     0.00000000E+00   # Real(mu2(3,1),dp)
  3  2     0.00000000E+00   # Real(mu2(3,2),dp)
  3  3     2.41367977E+05   # Real(mu2(3,3),dp)
Block MSE2 Q=  1.00000000E+03  # (SUSY Scale)
  1  1     1.09875827E+05   # Real(me2(1,1),dp)
  1  2     0.00000000E+00   # Real(me2(1,2),dp)
  1  3     0.00000000E+00   # Real(me2(1,3),dp)
  2  1     0.00000000E+00   # Real(me2(2,1),dp)
  2  2     1.09785142E+05   # Real(me2(2,2),dp)
  2  3     0.00000000E+00   # Real(me2(2,3),dp)
  3  1     0.00000000E+00   # Real(me2(3,1),dp)
  3  2     0.00000000E+00   # Real(me2(3,2),dp)
  3  3     8.44307945E+04   # Real(me2(3,3),dp)
Block MASS  # Mass spectrum
#   PDG code      mass          particle
   1000001     8.71331855E+02  # Sd_1
   1000003     1.02210192E+03  # Sd_2
   1000005     1.03989509E+03  # Sd_3
   2000001     1.03990567E+03  # Sd_4
   2000003     1.08038731E+03  # Sd_5
   2000005     1.08039420E+03  # Sd_6
   1000002     4.51760267E+02  # Su_1
   1000004     9.34375587E+02  # Su_2
   1000006     1.02090564E+03  # Su_3
   2000002     1.02092396E+03  # Su_4
   2000004     1.07768082E+03  # Su_5
   2000006     1.07768131E+03  # Su_6
   1000011     2.72740325E+02  # Se_1
   1000013     3.35139153E+02  # Se_2
   1000015     3.35502561E+02  # Se_3
   2000011     3.48021824E+02  # Se_4
   2000013     3.49590823E+02  # Se_5
   2000015     3.49739647E+02  # Se_6
   1000012     3.20892105E+02  # Sv_1
   1000014     3.40540772E+02  # Sv_2
   1000016     3.40608852E+02  # Sv_3
        25     1.13795050E+02  # hh_1
        35     1.13258861E+03  # hh_2
        45     2.12914893E+03  # hh_3
        36     5.71790536E+01  # Ah_2
        46     1.13376950E+03  # Ah_3
        37     1.13532658E+03  # Hpm_2
        23     9.11876000E+01  # VZ
        24     8.03850000E+01  # VWm
         1     5.00000000E-03  # Fd_1
         3     1.05000000E-01  # Fd_2
         5     4.20000000E+00  # Fd_3
         2     3.00000000E-03  # Fu_1
         4     1.27000000E+00  # Fu_2
         6     1.72900000E+02  # Fu_3
        11     5.10998910E-04  # Fe_1
        13     1.05658000E-01  # Fe_2
        15     1.77700000E+00  # Fe_3
   1000021     1.16308646E+03  # Glu
   1000022     2.07561004E+02  # Chi_1
   1000023     3.97094872E+02  # Chi_2
   1000025     9.63623617E+02  # Chi_3
   1000035     9.68530603E+02  # Chi_4
   1000045     2.12984853E+03  # Chi_5
   1000024     3.97261620E+02  # Cha_1
   1000037     9.69225073E+02  # Cha_2
Block LSP  # LSP and NLSP
  1   1000022   # LSP 
  2   1000011   # NLSP 
Block DSQMIX Q=  1.00000000E+03  # ()
  1  1     0.00000000E+00   # Real(ZD(1,1),dp)
  1  2     0.00000000E+00   # Real(ZD(1,2),dp)
  1  3     9.95028053E-01   # Real(ZD(1,3),dp)
  1  4     0.00000000E+00   # Real(ZD(1,4),dp)
  1  5     3.12820680E-16   # Real(ZD(1,5),dp)
  1  6     9.95950482E-02   # Real(ZD(1,6),dp)
  2  1     0.00000000E+00   # Real(ZD(2,1),dp)
  2  2     0.00000000E+00   # Real(ZD(2,2),dp)
  2  3     9.95950482E-02   # Real(ZD(2,3),dp)
  2  4     0.00000000E+00   # Real(ZD(2,4),dp)
  2  5     1.03758346E-16   # Real(ZD(2,5),dp)
  2  6    -9.95028053E-01   # Real(ZD(2,6),dp)
  3  1    -0.00000000E+00   # Real(ZD(3,1),dp)
  3  2    -7.42769463E-03   # Real(ZD(3,2),dp)
  3  3     3.21590298E-16   # Real(ZD(3,3),dp)
  3  4    -0.00000000E+00   # Real(ZD(3,4),dp)
  3  5    -9.99972414E-01   # Real(ZD(3,5),dp)
  3  6    -7.20850854E-17   # Real(ZD(3,6),dp)
  4  1    -3.53725142E-04   # Real(ZD(4,1),dp)
  4  2    -0.00000000E+00   # Real(ZD(4,2),dp)
  4  3    -0.00000000E+00   # Real(ZD(4,3),dp)
  4  4    -9.99999937E-01   # Real(ZD(4,4),dp)
  4  5    -0.00000000E+00   # Real(ZD(4,5),dp)
  4  6    -0.00000000E+00   # Real(ZD(4,6),dp)
  5  1     0.00000000E+00   # Real(ZD(5,1),dp)
  5  2     9.99972414E-01   # Real(ZD(5,2),dp)
  5  3     2.38874042E-18   # Real(ZD(5,3),dp)
  5  4     0.00000000E+00   # Real(ZD(5,4),dp)
  5  5    -7.42769463E-03   # Real(ZD(5,5),dp)
  5  6    -5.35440772E-19   # Real(ZD(5,6),dp)
  6  1    -9.99999937E-01   # Real(ZD(6,1),dp)
  6  2     0.00000000E+00   # Real(ZD(6,2),dp)
  6  3     0.00000000E+00   # Real(ZD(6,3),dp)
  6  4     3.53725142E-04   # Real(ZD(6,4),dp)
  6  5     0.00000000E+00   # Real(ZD(6,5),dp)
  6  6     0.00000000E+00   # Real(ZD(6,6),dp)
Block SNUMIX Q=  1.00000000E+03  # ()
  1  1     0.00000000E+00   # Real(ZV(1,1),dp)
  1  2     0.00000000E+00   # Real(ZV(1,2),dp)
  1  3     1.00000000E+00   # Real(ZV(1,3),dp)
  2  1     0.00000000E+00   # Real(ZV(2,1),dp)
  2  2     1.00000000E+00   # Real(ZV(2,2),dp)
  2  3     0.00000000E+00   # Real(ZV(2,3),dp)
  3  1     1.00000000E+00   # Real(ZV(3,1),dp)
  3  2     0.00000000E+00   # Real(ZV(3,2),dp)
  3  3     0.00000000E+00   # Real(ZV(3,3),dp)
Block USQMIX Q=  1.00000000E+03  # ()
  1  1    -0.00000000E+00   # Real(ZU(1,1),dp)
  1  2    -0.00000000E+00   # Real(ZU(1,2),dp)
  1  3    -3.77271719E-01   # Real(ZU(1,3),dp)
  1  4    -0.00000000E+00   # Real(ZU(1,4),dp)
  1  5    -0.00000000E+00   # Real(ZU(1,5),dp)
  1  6    -9.26102613E-01   # Real(ZU(1,6),dp)
  2  1     0.00000000E+00   # Real(ZU(2,1),dp)
  2  2     0.00000000E+00   # Real(ZU(2,2),dp)
  2  3    -9.26102613E-01   # Real(ZU(2,3),dp)
  2  4     0.00000000E+00   # Real(ZU(2,4),dp)
  2  5     0.00000000E+00   # Real(ZU(2,5),dp)
  2  6     3.77271719E-01   # Real(ZU(2,6),dp)
  3  1    -0.00000000E+00   # Real(ZU(3,1),dp)
  3  2     1.20955971E-02   # Real(ZU(3,2),dp)
  3  3    -0.00000000E+00   # Real(ZU(3,3),dp)
  3  4    -0.00000000E+00   # Real(ZU(3,4),dp)
  3  5     9.99926846E-01   # Real(ZU(3,5),dp)
  3  6    -0.00000000E+00   # Real(ZU(3,6),dp)
  4  1     2.85790526E-05   # Real(ZU(4,1),dp)
  4  2     0.00000000E+00   # Real(ZU(4,2),dp)
  4  3     0.00000000E+00   # Real(ZU(4,3),dp)
  4  4     1.00000000E+00   # Real(ZU(4,4),dp)
  4  5     0.00000000E+00   # Real(ZU(4,5),dp)
  4  6     0.00000000E+00   # Real(ZU(4,6),dp)
  5  1     0.00000000E+00   # Real(ZU(5,1),dp)
  5  2     9.99926846E-01   # Real(ZU(5,2),dp)
  5  3     0.00000000E+00   # Real(ZU(5,3),dp)
  5  4     0.00000000E+00   # Real(ZU(5,4),dp)
  5  5    -1.20955971E-02   # Real(ZU(5,5),dp)
  5  6     0.00000000E+00   # Real(ZU(5,6),dp)
  6  1    -1.00000000E+00   # Real(ZU(6,1),dp)
  6  2    -0.00000000E+00   # Real(ZU(6,2),dp)
  6  3    -0.00000000E+00   # Real(ZU(6,3),dp)
  6  4     2.85790526E-05   # Real(ZU(6,4),dp)
  6  5    -0.00000000E+00   # Real(ZU(6,5),dp)
  6  6    -0.00000000E+00   # Real(ZU(6,6),dp)
Block SELMIX Q=  1.00000000E+03  # ()
  1  1    -0.00000000E+00   # Real(ZE(1,1),dp)
  1  2    -0.00000000E+00   # Real(ZE(1,2),dp)
  1  3    -5.07761390E-01   # Real(ZE(1,3),dp)
  1  4    -0.00000000E+00   # Real(ZE(1,4),dp)
  1  5    -0.00000000E+00   # Real(ZE(1,5),dp)
  1  6    -8.61497749E-01   # Real(ZE(1,6),dp)
  2  1    -0.00000000E+00   # Real(ZE(2,1),dp)
  2  2    -1.26570674E-01   # Real(ZE(2,2),dp)
  2  3    -0.00000000E+00   # Real(ZE(2,3),dp)
  2  4    -0.00000000E+00   # Real(ZE(2,4),dp)
  2  5    -9.91957592E-01   # Real(ZE(2,5),dp)
  2  6    -0.00000000E+00   # Real(ZE(2,6),dp)
  3  1     6.30499061E-04   # Real(ZE(3,1),dp)
  3  2     0.00000000E+00   # Real(ZE(3,2),dp)
  3  3     0.00000000E+00   # Real(ZE(3,3),dp)
  3  4     9.99999801E-01   # Real(ZE(3,4),dp)
  3  5     0.00000000E+00   # Real(ZE(3,5),dp)
  3  6     0.00000000E+00   # Real(ZE(3,6),dp)
  4  1     0.00000000E+00   # Real(ZE(4,1),dp)
  4  2     0.00000000E+00   # Real(ZE(4,2),dp)
  4  3    -8.61497749E-01   # Real(ZE(4,3),dp)
  4  4     0.00000000E+00   # Real(ZE(4,4),dp)
  4  5     0.00000000E+00   # Real(ZE(4,5),dp)
  4  6     5.07761390E-01   # Real(ZE(4,6),dp)
  5  1    -9.99999801E-01   # Real(ZE(5,1),dp)
  5  2    -0.00000000E+00   # Real(ZE(5,2),dp)
  5  3    -0.00000000E+00   # Real(ZE(5,3),dp)
  5  4     6.30499061E-04   # Real(ZE(5,4),dp)
  5  5    -0.00000000E+00   # Real(ZE(5,5),dp)
  5  6    -0.00000000E+00   # Real(ZE(5,6),dp)
  6  1     0.00000000E+00   # Real(ZE(6,1),dp)
  6  2    -9.91957592E-01   # Real(ZE(6,2),dp)
  6  3     0.00000000E+00   # Real(ZE(6,3),dp)
  6  4     0.00000000E+00   # Real(ZE(6,4),dp)
  6  5     1.26570674E-01   # Real(ZE(6,5),dp)
  6  6     0.00000000E+00   # Real(ZE(6,6),dp)
Block NMHMIX Q=  1.00000000E+03  # ()
  1  1     1.01085659E-01   # ZH(1,1)
  1  2     9.94857237E-01   # ZH(1,2)
  1  3    -6.38494740E-03   # ZH(1,3)
  2  1    -9.94862180E-01   # ZH(2,1)
  2  2     1.01046120E-01   # ZH(2,2)
  2  3    -6.23887409E-03   # ZH(2,3)
  3  1    -5.56161487E-03   # ZH(3,1)
  3  2     6.98280339E-03   # ZH(3,2)
  3  3     9.99960154E-01   # ZH(3,3)
Block NMAMIX Q=  1.00000000E+03  # ()
  1  1     9.95013429E-02   # ZA(1,1)
  1  2    -9.95037428E-01   # ZA(1,2)
  1  3    -1.33706091E-05   # ZA(1,3)
  2  1    -4.11597635E-02   # ZA(2,1)
  2  2    -4.10245129E-03   # ZA(2,2)
  2  3    -9.99144156E-01   # ZA(2,3)
  3  1    -9.94185776E-01   # ZA(3,1)
  3  2    -9.94167355E-02   # ZA(3,2)
  3  3     4.13637046E-02   # ZA(3,3)
Block CHARGEMIX Q=  1.00000000E+03  # ()
  1  1     9.95009200E-02   # Real(ZP(1,1),dp)
  1  2    -9.95037470E-01   # Real(ZP(1,2),dp)
  2  1    -9.95037470E-01   # Real(ZP(2,1),dp)
  2  2    -9.95009200E-02   # Real(ZP(2,2),dp)
Block NMNMIX Q=  1.00000000E+03  # ()
  1  1    -9.98531491E-01   # Real(ZN(1,1),dp)
  1  2     9.33877979E-03   # Real(ZN(1,2),dp)
  1  3    -5.08343606E-02   # Real(ZN(1,3),dp)
  1  4     1.62216616E-02   # Real(ZN(1,4),dp)
  1  5    -6.11007576E-04   # Real(ZN(1,5),dp)
  2  1    -1.52093927E-02   # Real(ZN(2,1),dp)
  2  2    -9.93592654E-01   # Real(ZN(2,2),dp)
  2  3     1.00344385E-01   # Real(ZN(2,3),dp)
  2  4    -4.97236544E-02   # Real(ZN(2,4),dp)
  2  5     9.35653290E-04   # Real(ZN(2,5),dp)
  3  1    -0.00000000E+00   # Real(ZN(3,1),dp)
  3  2     0.00000000E+00   # Real(ZN(3,2),dp)
  3  3     0.00000000E+00   # Real(ZN(3,3),dp)
  3  4     0.00000000E+00   # Real(ZN(3,4),dp)
  3  5     0.00000000E+00   # Real(ZN(3,5),dp)
  4  1     4.60959526E-02   # Real(ZN(4,1),dp)
  4  2    -1.06675991E-01   # Real(ZN(4,2),dp)
  4  3    -7.00160633E-01   # Real(ZN(4,3),dp)
  4  4     7.04403568E-01   # Real(ZN(4,4),dp)
  4  5    -9.27885421E-03   # Real(ZN(4,5),dp)
  5  1    -6.56086623E-05   # Real(ZN(5,1),dp)
  5  2    -2.08581594E-04   # Real(ZN(5,2),dp)
  5  3    -9.62774179E-03   # Real(ZN(5,3),dp)
  5  4     3.57490026E-03   # Real(ZN(5,4),dp)
  5  5     9.99947238E-01   # Real(ZN(5,5),dp)
Block IMNMNMIX Q=  1.00000000E+03  # ()
  1  1     0.00000000E+00   # Aimag(ZN(1,1))
  1  2     0.00000000E+00   # Aimag(ZN(1,2))
  1  3     0.00000000E+00   # Aimag(ZN(1,3))
  1  4     0.00000000E+00   # Aimag(ZN(1,4))
  1  5     0.00000000E+00   # Aimag(ZN(1,5))
  2  1     0.00000000E+00   # Aimag(ZN(2,1))
  2  2     0.00000000E+00   # Aimag(ZN(2,2))
  2  3     0.00000000E+00   # Aimag(ZN(2,3))
  2  4     0.00000000E+00   # Aimag(ZN(2,4))
  2  5     0.00000000E+00   # Aimag(ZN(2,5))
  3  1    -2.40560571E-02   # Aimag(ZN(3,1))
  3  2     3.61471313E-02   # Aimag(ZN(3,2))
  3  3     7.05003026E-01   # Aimag(ZN(3,3))
  3  4     7.07861038E-01   # Aimag(ZN(3,4))
  3  5     4.26324076E-03   # Aimag(ZN(3,5))
  4  1     0.00000000E+00   # Aimag(ZN(4,1))
  4  2     0.00000000E+00   # Aimag(ZN(4,2))
  4  3     0.00000000E+00   # Aimag(ZN(4,3))
  4  4     0.00000000E+00   # Aimag(ZN(4,4))
  4  5     0.00000000E+00   # Aimag(ZN(4,5))
  5  1     0.00000000E+00   # Aimag(ZN(5,1))
  5  2     0.00000000E+00   # Aimag(ZN(5,2))
  5  3     0.00000000E+00   # Aimag(ZN(5,3))
  5  4     0.00000000E+00   # Aimag(ZN(5,4))
  5  5     0.00000000E+00   # Aimag(ZN(5,5))
Block UMIX Q=  1.00000000E+03  # ()
  1  1     9.89766091E-01   # Real(UM(1,1),dp)
  1  2    -1.42699281E-01   # Real(UM(1,2),dp)
  2  1     1.42699281E-01   # Real(UM(2,1),dp)
  2  2     9.89766091E-01   # Real(UM(2,2),dp)
Block VMIX Q=  1.00000000E+03  # ()
  1  1     9.97459824E-01   # Real(UP(1,1),dp)
  1  2    -7.12313070E-02   # Real(UP(1,2),dp)
  2  1     7.12313070E-02   # Real(UP(2,1),dp)
  2  2     9.97459824E-01   # Real(UP(2,2),dp)
Block UELMIX Q=  1.00000000E+03  # ()
  1  1     1.00000000E+00   # Real(ZEL(1,1),dp)
  1  2     0.00000000E+00   # Real(ZEL(1,2),dp)
  1  3     0.00000000E+00   # Real(ZEL(1,3),dp)
  2  1     0.00000000E+00   # Real(ZEL(2,1),dp)
  2  2     1.00000000E+00   # Real(ZEL(2,2),dp)
  2  3     0.00000000E+00   # Real(ZEL(2,3),dp)
  3  1     0.00000000E+00   # Real(ZEL(3,1),dp)
  3  2     0.00000000E+00   # Real(ZEL(3,2),dp)
  3  3     1.00000000E+00   # Real(ZEL(3,3),dp)
Block UERMIX Q=  1.00000000E+03  # ()
  1  1     1.00000000E+00   # Real(ZER(1,1),dp)
  1  2     0.00000000E+00   # Real(ZER(1,2),dp)
  1  3     0.00000000E+00   # Real(ZER(1,3),dp)
  2  1     0.00000000E+00   # Real(ZER(2,1),dp)
  2  2     1.00000000E+00   # Real(ZER(2,2),dp)
  2  3     0.00000000E+00   # Real(ZER(2,3),dp)
  3  1     0.00000000E+00   # Real(ZER(3,1),dp)
  3  2     0.00000000E+00   # Real(ZER(3,2),dp)
  3  3     1.00000000E+00   # Real(ZER(3,3),dp)
Block UDLMIX Q=  1.00000000E+03  # ()
  1  1     1.00000000E+00   # Real(ZDL(1,1),dp)
  1  2     0.00000000E+00   # Real(ZDL(1,2),dp)
  1  3     0.00000000E+00   # Real(ZDL(1,3),dp)
  2  1     0.00000000E+00   # Real(ZDL(2,1),dp)
  2  2     1.00000000E+00   # Real(ZDL(2,2),dp)
  2  3     0.00000000E+00   # Real(ZDL(2,3),dp)
  3  1     0.00000000E+00   # Real(ZDL(3,1),dp)
  3  2     0.00000000E+00   # Real(ZDL(3,2),dp)
  3  3     1.00000000E+00   # Real(ZDL(3,3),dp)
Block UDRMIX Q=  1.00000000E+03  # ()
  1  1     1.00000000E+00   # Real(ZDR(1,1),dp)
  1  2     0.00000000E+00   # Real(ZDR(1,2),dp)
  1  3     0.00000000E+00   # Real(ZDR(1,3),dp)
  2  1     0.00000000E+00   # Real(ZDR(2,1),dp)
  2  2     1.00000000E+00   # Real(ZDR(2,2),dp)
  2  3     0.00000000E+00   # Real(ZDR(2,3),dp)
  3  1     0.00000000E+00   # Real(ZDR(3,1),dp)
  3  2     0.00000000E+00   # Real(ZDR(3,2),dp)
  3  3     1.00000000E+00   # Real(ZDR(3,3),dp)
Block UULMIX Q=  1.00000000E+03  # ()
  1  1     1.00000000E+00   # Real(ZUL(1,1),dp)
  1  2     0.00000000E+00   # Real(ZUL(1,2),dp)
  1  3     0.00000000E+00   # Real(ZUL(1,3),dp)
  2  1     0.00000000E+00   # Real(ZUL(2,1),dp)
  2  2     1.00000000E+00   # Real(ZUL(2,2),dp)
  2  3     0.00000000E+00   # Real(ZUL(2,3),dp)
  3  1     0.00000000E+00   # Real(ZUL(3,1),dp)
  3  2     0.00000000E+00   # Real(ZUL(3,2),dp)
  3  3     1.00000000E+00   # Real(ZUL(3,3),dp)
Block UURMIX Q=  1.00000000E+03  # ()
  1  1     1.00000000E+00   # Real(ZUR(1,1),dp)
  1  2     0.00000000E+00   # Real(ZUR(1,2),dp)
  1  3     0.00000000E+00   # Real(ZUR(1,3),dp)
  2  1     0.00000000E+00   # Real(ZUR(2,1),dp)
  2  2     1.00000000E+00   # Real(ZUR(2,2),dp)
  2  3     0.00000000E+00   # Real(ZUR(2,3),dp)
  3  1     0.00000000E+00   # Real(ZUR(3,1),dp)
  3  2     0.00000000E+00   # Real(ZUR(3,2),dp)
  3  3     1.00000000E+00   # Real(ZUR(3,3),dp)
DECAY   1000001     2.77934776E+01   # Sd_1
#    BR                NDA      ID1      ID2
     1.32828478E-01    2            6   -1000024   # BR(Sd_1 -> Fu_3 Cha_1 )
     4.77620480E-03    2            5    1000022   # BR(Sd_1 -> Fd_3 Chi_1 )
     7.88936235E-02    2            5    1000023   # BR(Sd_1 -> Fd_3 Chi_2 )
     7.83501693E-01    2      1000002        -24   # BR(Sd_1 -> Su_1 VWm )
DECAY   1000003     1.14658029E+00   # Sd_2
#    BR                NDA      ID1      ID2
     2.84658950E-04    2      1000001         36   # BR(Sd_2 -> Sd_1 Ah_2 )
     2.26605357E-02    2            6   -1000024   # BR(Sd_2 -> Fu_3 Cha_1 )
     4.67013731E-01    2            5    1000022   # BR(Sd_2 -> Fd_3 Chi_1 )
     1.28926718E-02    2            5    1000023   # BR(Sd_2 -> Fd_3 Chi_2 )
     1.97779472E-03    2            5    1000025   # BR(Sd_2 -> Fd_3 Chi_3 )
     1.86508534E-03    2            5    1000035   # BR(Sd_2 -> Fd_3 Chi_4 )
     4.04149013E-02    2      1000001         25   # BR(Sd_2 -> Sd_1 hh_1 )
     3.05625161E-02    2      1000001         23   # BR(Sd_2 -> Sd_1 VZ )
     4.20876164E-01    2      1000002        -24   # BR(Sd_2 -> Su_1 VWm )
     1.45194125E-03    2      1000004        -24   # BR(Sd_2 -> Su_2 VWm )
DECAY   1000005     5.56870786E-01   # Sd_3
#    BR                NDA      ID1      ID2
     7.07581421E-04    2            4   -1000024   # BR(Sd_3 -> Fu_2 Cha_1 )
     9.98695702E-01    2            3    1000022   # BR(Sd_3 -> Fd_2 Chi_1 )
     5.37362871E-04    2            3    1000023   # BR(Sd_3 -> Fd_2 Chi_2 )
DECAY   2000001     5.56295962E-01   # Sd_4
#    BR                NDA      ID1      ID2
     9.99760819E-01    2            1    1000022   # BR(Sd_4 -> Fd_1 Chi_1 )
     1.84378080E-04    2            1    1000023   # BR(Sd_4 -> Fd_1 Chi_2 )
DECAY   2000003     9.91738609E+00   # Sd_5
#    BR                NDA      ID1      ID2
     6.54780723E-01    2            4   -1000024   # BR(Sd_5 -> Fu_2 Cha_1 )
     6.95281008E-04    2            4   -1000037   # BR(Sd_5 -> Fu_2 Cha_2 )
     1.61478759E-02    2            3    1000022   # BR(Sd_5 -> Fd_2 Chi_1 )
     3.28115104E-01    2            3    1000023   # BR(Sd_5 -> Fd_2 Chi_2 )
     2.29715948E-04    2            3    1000035   # BR(Sd_5 -> Fd_2 Chi_4 )
DECAY   2000005     9.91810180E+00   # Sd_6
#    BR                NDA      ID1      ID2
     6.54785068E-01    2            2   -1000024   # BR(Sd_6 -> Fu_1 Cha_1 )
     6.93483012E-04    2            2   -1000037   # BR(Sd_6 -> Fu_1 Cha_2 )
     1.61455122E-02    2            1    1000022   # BR(Sd_6 -> Fd_1 Chi_1 )
     3.28115744E-01    2            1    1000023   # BR(Sd_6 -> Fd_1 Chi_2 )
     2.29276168E-04    2            1    1000035   # BR(Sd_6 -> Fd_1 Chi_4 )
DECAY   1000002     3.77056814E-01   # Su_1
#    BR                NDA      ID1      ID2
     8.91541006E-01    2            6    1000022   # BR(Su_1 -> Fu_3 Chi_1 )
     1.08458994E-01    2      1000024          5   # BR(Su_1 -> Cha_1^* Fd_3 )
DECAY   1000004     2.66416156E+01   # Su_2
#    BR                NDA      ID1      ID2
     2.85214990E-04    2      1000002         36   # BR(Su_2 -> Su_1 Ah_2 )
     1.06284885E-02    2            6    1000022   # BR(Su_2 -> Fu_3 Chi_1 )
     6.62944216E-02    2            6    1000023   # BR(Su_2 -> Fu_3 Chi_2 )
     1.52251634E-01    2      1000024          5   # BR(Su_2 -> Cha_1^* Fd_3 )
     2.56086446E-01    2      1000002         25   # BR(Su_2 -> Su_1 hh_1 )
     5.14453795E-01    2      1000002         23   # BR(Su_2 -> Su_1 VZ )
DECAY   1000006     2.17877810E+00   # Su_3
#    BR                NDA      ID1      ID2
     9.99141245E-01    2            4    1000022   # BR(Su_3 -> Fu_2 Chi_1 )
     3.96277150E-04    2            4    1000023   # BR(Su_3 -> Fu_2 Chi_2 )
     4.29652802E-04    2      1000024          3   # BR(Su_3 -> Cha_1^* Fd_2 )
DECAY   2000002     2.17771049E+00   # Su_4
#    BR                NDA      ID1      ID2
     9.99787495E-01    2            2    1000022   # BR(Su_4 -> Fu_1 Chi_1 )
     1.81801537E-04    2            2    1000023   # BR(Su_4 -> Fu_1 Chi_2 )
DECAY   2000004     9.98028270E+00   # Su_5
#    BR                NDA      ID1      ID2
     1.31443991E-02    2            4    1000022   # BR(Su_5 -> Fu_2 Chi_1 )
     3.28453743E-01    2            4    1000023   # BR(Su_5 -> Fu_2 Chi_2 )
     1.58279450E-04    2            4    1000035   # BR(Su_5 -> Fu_2 Chi_4 )
     6.58060185E-01    2      1000024          3   # BR(Su_5 -> Cha_1^* Fd_2 )
     1.65112882E-04    2      1000037          3   # BR(Su_5 -> Cha_2^* Fd_2 )
DECAY   2000006     9.98150796E+00   # Su_6
#    BR                NDA      ID1      ID2
     1.31121002E-02    2            2    1000022   # BR(Su_6 -> Fu_1 Chi_1 )
     3.28466296E-01    2            2    1000023   # BR(Su_6 -> Fu_1 Chi_2 )
     1.57299075E-04    2            2    1000035   # BR(Su_6 -> Fu_1 Chi_4 )
     6.58082288E-01    2      1000024          1   # BR(Su_6 -> Cha_1^* Fd_1 )
     1.64223603E-04    2      1000037          1   # BR(Su_6 -> Cha_2^* Fd_1 )
DECAY   1000011     2.01596047E-01   # Se_1
#    BR                NDA      ID1      ID2
     1.00000000E+00    2           15    1000022   # BR(Se_1 -> Fe_3 Chi_1 )
DECAY   1000013     6.43775853E-01   # Se_2
#    BR                NDA      ID1      ID2
     1.00000000E+00    2           13    1000022   # BR(Se_2 -> Fe_2 Chi_1 )
DECAY   1000015     6.54066814E-01   # Se_3
#    BR                NDA      ID1      ID2
     1.00000000E+00    2           11    1000022   # BR(Se_3 -> Fe_1 Chi_1 )
DECAY   2000011     3.17236775E-01   # Se_4
#    BR                NDA      ID1      ID2
     6.56326447E-04    2      1000011         36   # BR(Se_4 -> Se_1 Ah_2 )
     9.99343674E-01    2           15    1000022   # BR(Se_4 -> Fe_3 Chi_1 )
DECAY   2000013     1.81419838E-01   # Se_5
#    BR                NDA      ID1      ID2
     1.00000000E+00    2           11    1000022   # BR(Se_5 -> Fe_1 Chi_1 )
DECAY   2000015     1.90684488E-01   # Se_6
#    BR                NDA      ID1      ID2
     1.00000000E+00    2           13    1000022   # BR(Se_6 -> Fe_2 Chi_1 )
DECAY   1000012     1.43405455E-01   # Sv_1
#    BR                NDA      ID1      ID2
     1.00000000E+00    2           16    1000022   # BR(Sv_1 -> Fv_3 Chi_1 )
DECAY   1000014     1.77903964E-01   # Sv_2
#    BR                NDA      ID1      ID2
     1.00000000E+00    2           14    1000022   # BR(Sv_2 -> Fv_2 Chi_1 )
DECAY   1000016     1.78024268E-01   # Sv_3
#    BR                NDA      ID1      ID2
     1.00000000E+00    2           12    1000022   # BR(Sv_3 -> Fv_1 Chi_1 )
DECAY        25     3.30323525E-03   # hh_1
#    BR                NDA      ID1      ID2
     1.96679574E-03    2           22         22   # BR(hh_1 -> VP VP )
     8.75232263E-02    2           21         21   # BR(hh_1 -> VG VG )
     4.11434481E-03    2           23         23   # BR(hh_1 -> VZ VZ )
     6.22526436E-02    2           24        -24   # BR(hh_1 -> VWm^* VWm_virt )
     2.73024693E-04    2           -3          3   # BR(hh_1 -> Fd_2^* Fd_2 )
     7.30850686E-01    2           -5          5   # BR(hh_1 -> Fd_3^* Fd_3 )
     2.89166513E-04    2          -13         13   # BR(hh_1 -> Fe_2^* Fe_2 )
     8.34473144E-02    2          -15         15   # BR(hh_1 -> Fe_3^* Fe_3 )
     2.92819092E-02    2           -4          4   # BR(hh_1 -> Fu_2^* Fu_2 )
DECAY        35     7.68266448E+00   # hh_2
#    BR                NDA      ID1      ID2
     1.36037063E-03    2           21         21   # BR(hh_2 -> VG VG )
     1.02439430E-01    2           36         23   # BR(hh_2 -> Ah_2 VZ )
     7.91624010E-03    2      1000024   -1000024   # BR(hh_2 -> Cha_1^* Cha_1 )
     7.66785737E-04    2      1000022    1000022   # BR(hh_2 -> Chi_1 Chi_1 )
     3.79037647E-03    2      1000022    1000023   # BR(hh_2 -> Chi_1 Chi_2 )
     3.82067136E-03    2      1000023    1000023   # BR(hh_2 -> Chi_2 Chi_2 )
     1.75159031E-01    2           -5          5   # BR(hh_2 -> Fd_3^* Fd_3 )
     1.10451330E-04    2          -13         13   # BR(hh_2 -> Fe_2^* Fe_2 )
     3.11846881E-02    2          -15         15   # BR(hh_2 -> Fe_3^* Fe_3 )
     6.86539933E-02    2           -6          6   # BR(hh_2 -> Fu_3^* Fu_3 )
     3.18374946E-04    2           25         25   # BR(hh_2 -> hh_1 hh_1 )
     2.38041628E-02    2     -1000011    1000011   # BR(hh_2 -> Se_1^* Se_1 )
     6.59904298E-03    2     -1000011    2000011   # BR(hh_2 -> Se_1^* Se_4 )
     6.59904298E-03    2     -2000011    1000011   # BR(hh_2 -> Se_4^* Se_1 )
     1.91411047E-02    2     -2000011    2000011   # BR(hh_2 -> Se_4^* Se_4 )
     5.45689458E-01    2     -1000002    1000002   # BR(hh_2 -> Su_1^* Su_1 )
     1.34337591E-03    2          -24         24   # BR(hh_2 -> VWm VWm^* )
     6.97139946E-04    2           23         23   # BR(hh_2 -> VZ VZ )
DECAY        45     1.00775152E+00   # hh_3
#    BR                NDA      ID1      ID2
     5.07645100E-01    2           36         36   # BR(hh_3 -> Ah_2 Ah_2 )
     8.65582547E-04    2           36         46   # BR(hh_3 -> Ah_2 Ah_3 )
     2.05160886E-04    2           36         23   # BR(hh_3 -> Ah_2 VZ )
     4.37811167E-02    2           46         23   # BR(hh_3 -> Ah_3 VZ )
     1.90332123E-03    2      1000024   -1000037   # BR(hh_3 -> Cha_1^* Cha_2 )
     1.90332123E-03    2      1000037   -1000024   # BR(hh_3 -> Cha_2^* Cha_1 )
     2.92219200E-02    2      1000037   -1000037   # BR(hh_3 -> Cha_2^* Cha_2 )
     4.48196451E-04    2      1000022    1000035   # BR(hh_3 -> Chi_1 Chi_4 )
     1.85730426E-03    2      1000023    1000035   # BR(hh_3 -> Chi_2 Chi_4 )
     1.62034910E-02    2      1000025    1000025   # BR(hh_3 -> Chi_3 Chi_3 )
     1.46602843E-02    2      1000035    1000035   # BR(hh_3 -> Chi_4 Chi_4 )
     5.03623680E-03    2           -6          6   # BR(hh_3 -> Fu_3^* Fu_3 )
     6.73405593E-02    2           25         25   # BR(hh_3 -> hh_1 hh_1 )
     4.42532749E-02    2           25         35   # BR(hh_3 -> hh_1 hh_2 )
     4.28526969E-02    2          -37         24   # BR(hh_3 -> Hpm_2 VWm^* )
     4.28526969E-02    2           37        -24   # BR(hh_3 -> Hpm_2^* VWm )
     1.48566464E-04    2     -1000002    1000004   # BR(hh_3 -> Su_1^* Su_2 )
     1.48566464E-04    2     -1000004    1000002   # BR(hh_3 -> Su_2^* Su_1 )
     1.80577893E-04    2     -1000004    1000004   # BR(hh_3 -> Su_2^* Su_2 )
     1.17070093E-01    2          -24         24   # BR(hh_3 -> VWm VWm^* )
     6.11341960E-02    2           23         23   # BR(hh_3 -> VZ VZ )
DECAY        36     2.33724410E-04   # Ah_2
#    BR                NDA      ID1      ID2
     3.36381412E-04    2           -3          3   # BR(Ah_2 -> Fd_2^* Fd_2 )
     9.00535273E-01    2           -5          5   # BR(Ah_2 -> Fd_3^* Fd_3 )
     3.42458474E-04    2          -13         13   # BR(Ah_2 -> Fe_2^* Fe_2 )
     9.87798137E-02    2          -15         15   # BR(Ah_2 -> Fe_3^* Fe_3 )
DECAY        46     3.67281684E+00   # Ah_3
#    BR                NDA      ID1      ID2
     2.24632599E-01    2           25         36   # BR(Ah_3 -> hh_1 Ah_2 )
     3.98175290E-02    2      1000024   -1000024   # BR(Ah_3 -> Cha_1^* Cha_1 )
     2.10679538E-03    2      1000022    1000022   # BR(Ah_3 -> Chi_1 Chi_1 )
     1.27353898E-02    2      1000022    1000023   # BR(Ah_3 -> Chi_1 Chi_2 )
     1.92114819E-02    2      1000023    1000023   # BR(Ah_3 -> Chi_2 Chi_2 )
     1.54408345E-04    2           -3          3   # BR(Ah_3 -> Fd_2^* Fd_2 )
     3.67769593E-01    2           -5          5   # BR(Ah_3 -> Fd_3^* Fd_3 )
     2.30964581E-04    2          -13         13   # BR(Ah_3 -> Fe_2^* Fe_2 )
     6.52108871E-02    2          -15         15   # BR(Ah_3 -> Fe_3^* Fe_3 )
     1.49961543E-01    2           -6          6   # BR(Ah_3 -> Fu_3^* Fu_3 )
     3.11323369E-04    2           25         23   # BR(Ah_3 -> hh_1 VZ )
     5.86909258E-02    2     -1000011    2000011   # BR(Ah_3 -> Se_1^* Se_4 )
     2.02034352E-04    2     -1000013    2000015   # BR(Ah_3 -> Se_2^* Se_6 )
     5.86909258E-02    2     -2000011    1000011   # BR(Ah_3 -> Se_4^* Se_1 )
     2.02034352E-04    2     -2000015    1000013   # BR(Ah_3 -> Se_6^* Se_2 )
DECAY        37     3.13435734E+00   # Hpm_2
#    BR                NDA      ID1      ID2
     2.48309365E-01    2           36         24   # BR(Hpm_2^* -> Ah_2 VWm^* )
     2.37484115E-02    2      1000022    1000024   # BR(Hpm_2^* -> Chi_1 Cha_1^* )
     1.61610246E-04    2            4         -3   # BR(Hpm_2^* -> Fu_2 Fd_2^* )
     5.10683212E-01    2            6         -5   # BR(Hpm_2^* -> Fu_3 Fd_3^* )
     2.71478828E-04    2           14        -13   # BR(Hpm_2^* -> Fv_2 Fe_2^* )
     7.66497413E-02    2           16        -15   # BR(Hpm_2^* -> Fv_3 Fe_3^* )
     3.60722621E-04    2           25         24   # BR(Hpm_2^* -> hh_1 VWm^* )
     1.08927574E-01    2      1000012   -1000011   # BR(Hpm_2^* -> Sv_1 Se_1^* )
     2.98896139E-02    2      1000012   -2000011   # BR(Hpm_2^* -> Sv_1 Se_4^* )
     5.53134555E-04    2      1000014   -1000013   # BR(Hpm_2^* -> Sv_2 Se_2^* )
     1.35722937E-04    2      1000014   -2000015   # BR(Hpm_2^* -> Sv_2 Se_6^* )
     2.10738880E-04    2      1000016   -2000013   # BR(Hpm_2^* -> Sv_3 Se_5^* )
DECAY   1000021     3.11039155E+01   # Glu
#    BR                NDA      ID1      ID2
     1.69627426E-02    2            1   -2000001   # BR(Glu -> Fd_1 Sd_4^* )
     1.69627426E-02    2           -1    2000001   # BR(Glu -> Fd_1^* Sd_4 )
     7.92790827E-03    2            1   -2000005   # BR(Glu -> Fd_1 Sd_6^* )
     7.92790827E-03    2           -1    2000005   # BR(Glu -> Fd_1^* Sd_6 )
     1.69652602E-02    2            3   -1000005   # BR(Glu -> Fd_2 Sd_3^* )
     1.69652602E-02    2           -3    1000005   # BR(Glu -> Fd_2^* Sd_3 )
     7.92932814E-03    2            3   -2000003   # BR(Glu -> Fd_2 Sd_5^* )
     7.92932814E-03    2           -3    2000003   # BR(Glu -> Fd_2^* Sd_5 )
     8.08812812E-02    2            5   -1000001   # BR(Glu -> Fd_3 Sd_1^* )
     8.08812812E-02    2           -5    1000001   # BR(Glu -> Fd_3^* Sd_1 )
     2.19916217E-02    2            5   -1000003   # BR(Glu -> Fd_3 Sd_2^* )
     2.19916217E-02    2           -5    1000003   # BR(Glu -> Fd_3^* Sd_2 )
     2.22056622E-02    2            2   -2000002   # BR(Glu -> Fu_1 Su_4^* )
     2.22056622E-02    2           -2    2000002   # BR(Glu -> Fu_1^* Su_4 )
     8.43618328E-03    2            2   -2000006   # BR(Glu -> Fu_1 Su_6^* )
     8.43618328E-03    2           -2    2000006   # BR(Glu -> Fu_1^* Su_6 )
     2.22051279E-02    2            4   -1000006   # BR(Glu -> Fu_2 Su_3^* )
     2.22051279E-02    2           -4    1000006   # BR(Glu -> Fu_2^* Su_3 )
     8.43856276E-03    2            4   -2000004   # BR(Glu -> Fu_2 Su_5^* )
     8.43856276E-03    2           -4    2000004   # BR(Glu -> Fu_2^* Su_5 )
     2.29036776E-01    2            6   -1000002   # BR(Glu -> Fu_3 Su_1^* )
     2.29036776E-01    2           -6    1000002   # BR(Glu -> Fu_3^* Su_1 )
     5.69963053E-02    2            6   -1000004   # BR(Glu -> Fu_3 Su_2^* )
     5.69963053E-02    2           -6    1000004   # BR(Glu -> Fu_3^* Su_2 )
DECAY   1000023     7.66974119E-01   # Chi_2
#    BR                NDA      ID1      ID2
     4.07435749E-03    2      1000022         25   # BR(Chi_2 -> Chi_1 hh_1 )
     2.31033904E-04    2      1000022         23   # BR(Chi_2 -> Chi_1 VZ )
     5.36517133E-02    2           11   -2000013   # BR(Chi_2 -> Fe_1 Se_5^* )
     5.36517133E-02    2          -11    2000013   # BR(Chi_2 -> Fe_1^* Se_5 )
     1.46036092E-03    2           13   -1000013   # BR(Chi_2 -> Fe_2 Se_2^* )
     1.46036092E-03    2          -13    1000013   # BR(Chi_2 -> Fe_2^* Se_2 )
     5.24658752E-02    2           13   -2000015   # BR(Chi_2 -> Fe_2 Se_6^* )
     5.24658752E-02    2          -13    2000015   # BR(Chi_2 -> Fe_2^* Se_6 )
     8.23671542E-02    2           15   -1000011   # BR(Chi_2 -> Fe_3 Se_1^* )
     8.23671542E-02    2          -15    1000011   # BR(Chi_2 -> Fe_3^* Se_1 )
     4.12987698E-02    2           15   -2000011   # BR(Chi_2 -> Fe_3 Se_4^* )
     4.12987698E-02    2          -15    2000011   # BR(Chi_2 -> Fe_3^* Se_4 )
     7.15409840E-02    2           12   -1000016   # BR(Chi_2 -> Fv_1 Sv_3^* )
     7.15409840E-02    2          -12    1000016   # BR(Chi_2 -> Fv_1^* Sv_3 )
     7.17003039E-02    2           14   -1000014   # BR(Chi_2 -> Fv_2 Sv_2^* )
     7.17003039E-02    2          -14    1000014   # BR(Chi_2 -> Fv_2^* Sv_2 )
     1.23334230E-01    2           16   -1000012   # BR(Chi_2 -> Fv_3 Sv_1^* )
     1.23334230E-01    2          -16    1000012   # BR(Chi_2 -> Fv_3^* Sv_1 )
DECAY   1000025     1.59021850E+01   # Chi_3
#    BR                NDA      ID1      ID2
     1.28200628E-01    2     -1000024         24   # BR(Chi_3 -> Cha_1 VWm^* )
     1.28200628E-01    2      1000024        -24   # BR(Chi_3 -> Cha_1^* VWm )
     9.28473149E-03    2      1000022         25   # BR(Chi_3 -> Chi_1 hh_1 )
     1.30996708E-02    2      1000023         25   # BR(Chi_3 -> Chi_2 hh_1 )
     3.50834787E-02    2      1000022         23   # BR(Chi_3 -> Chi_1 VZ )
     1.13756928E-01    2      1000023         23   # BR(Chi_3 -> Chi_2 VZ )
     5.29660178E-04    2            5   -1000001   # BR(Chi_3 -> Fd_3 Sd_1^* )
     5.29660178E-04    2           -5    1000001   # BR(Chi_3 -> Fd_3^* Sd_1 )
     7.08543629E-05    2           11   -1000015   # BR(Chi_3 -> Fe_1 Se_3^* )
     7.08543629E-05    2          -11    1000015   # BR(Chi_3 -> Fe_1^* Se_3 )
     6.78777627E-05    2           13   -1000013   # BR(Chi_3 -> Fe_2 Se_2^* )
     6.78777627E-05    2          -13    1000013   # BR(Chi_3 -> Fe_2^* Se_2 )
     6.78513751E-05    2           13   -2000015   # BR(Chi_3 -> Fe_2 Se_6^* )
     6.78513751E-05    2          -13    2000015   # BR(Chi_3 -> Fe_2^* Se_6 )
     2.05406634E-03    2           15   -1000011   # BR(Chi_3 -> Fe_3 Se_1^* )
     2.05406634E-03    2          -15    1000011   # BR(Chi_3 -> Fe_3^* Se_1 )
     3.15929406E-03    2           15   -2000011   # BR(Chi_3 -> Fe_3 Se_4^* )
     3.15929406E-03    2          -15    2000011   # BR(Chi_3 -> Fe_3^* Se_4 )
     2.78047269E-01    2            6   -1000002   # BR(Chi_3 -> Fu_3 Su_1^* )
     2.78047269E-01    2           -6    1000002   # BR(Chi_3 -> Fu_3^* Su_1 )
     2.35351026E-04    2           12   -1000016   # BR(Chi_3 -> Fv_1 Sv_3^* )
     2.35351026E-04    2          -12    1000016   # BR(Chi_3 -> Fv_1^* Sv_3 )
     2.35377890E-04    2           14   -1000014   # BR(Chi_3 -> Fv_2 Sv_2^* )
     2.35377890E-04    2          -14    1000014   # BR(Chi_3 -> Fv_2^* Sv_2 )
     2.42967082E-04    2           16   -1000012   # BR(Chi_3 -> Fv_3 Sv_1^* )
     2.42967082E-04    2          -16    1000012   # BR(Chi_3 -> Fv_3^* Sv_1 )
#    BR                NDA      ID1      ID2       ID3
     3.05733626E-04    3      1000022         -6          6   # BR(Chi_3 -> Chi_1 Fu_3^* Fu_3 )
     3.13432274E-04    3      1000023         -6          6   # BR(Chi_3 -> Chi_2 Fu_3^* Fu_3 )
     1.07344107E-03    3     -1000024         -5          6   # BR(Chi_3 -> Cha_1 Fd_3^* Fu_3 )
     1.07344107E-03    3      1000024          5         -6   # BR(Chi_3 -> Cha_1^* Fd_3 Fu_3^* )
DECAY   1000035     2.24650497E+01   # Chi_4
#    BR                NDA      ID1      ID2
     9.07008213E-02    2     -1000024         24   # BR(Chi_4 -> Cha_1 VWm^* )
     9.07008213E-02    2      1000024        -24   # BR(Chi_4 -> Cha_1^* VWm )
     2.34504634E-02    2      1000022         25   # BR(Chi_4 -> Chi_1 hh_1 )
     8.03080642E-02    2      1000023         25   # BR(Chi_4 -> Chi_2 hh_1 )
     6.75271122E-03    2      1000022         23   # BR(Chi_4 -> Chi_1 VZ )
     9.68843218E-03    2      1000023         23   # BR(Chi_4 -> Chi_2 VZ )
     4.64247348E-04    2            5   -1000001   # BR(Chi_4 -> Fd_3 Sd_1^* )
     4.64247348E-04    2           -5    1000001   # BR(Chi_4 -> Fd_3^* Sd_1 )
     1.85630705E-04    2           11   -1000015   # BR(Chi_4 -> Fe_1 Se_3^* )
     1.85630705E-04    2          -11    1000015   # BR(Chi_4 -> Fe_1^* Se_3 )
     4.34889235E-04    2           11   -2000013   # BR(Chi_4 -> Fe_1 Se_5^* )
     4.34889235E-04    2          -11    2000013   # BR(Chi_4 -> Fe_1^* Se_5 )
     1.74383260E-04    2           13   -1000013   # BR(Chi_4 -> Fe_2 Se_2^* )
     1.74383260E-04    2          -13    1000013   # BR(Chi_4 -> Fe_2^* Se_2 )
     4.57925298E-04    2           13   -2000015   # BR(Chi_4 -> Fe_2 Se_6^* )
     4.57925298E-04    2          -13    2000015   # BR(Chi_4 -> Fe_2^* Se_6 )
     8.03091353E-04    2           15   -1000011   # BR(Chi_4 -> Fe_3 Se_1^* )
     8.03091353E-04    2          -15    1000011   # BR(Chi_4 -> Fe_3^* Se_1 )
     3.31527606E-03    2           15   -2000011   # BR(Chi_4 -> Fe_3 Se_4^* )
     3.31527606E-03    2          -15    2000011   # BR(Chi_4 -> Fe_3^* Se_4 )
     3.38649037E-01    2            6   -1000002   # BR(Chi_4 -> Fu_3 Su_1^* )
     3.38649037E-01    2           -6    1000002   # BR(Chi_4 -> Fu_3^* Su_1 )
     1.19578424E-03    2           12   -1000016   # BR(Chi_4 -> Fv_1 Sv_3^* )
     1.19578424E-03    2          -12    1000016   # BR(Chi_4 -> Fv_1^* Sv_3 )
     1.19591916E-03    2           14   -1000014   # BR(Chi_4 -> Fv_2 Sv_2^* )
     1.19591916E-03    2          -14    1000014   # BR(Chi_4 -> Fv_2^* Sv_2 )
     1.23403049E-03    2           16   -1000012   # BR(Chi_4 -> Fv_3 Sv_1^* )
     1.23403049E-03    2          -16    1000012   # BR(Chi_4 -> Fv_3^* Sv_1 )
#    BR                NDA      ID1      ID2       ID3
     1.41364928E-04    3      1000022         -6          6   # BR(Chi_4 -> Chi_1 Fu_3^* Fu_3 )
     1.62937853E-04    3      1000023         -6          6   # BR(Chi_4 -> Chi_2 Fu_3^* Fu_3 )
     8.67525124E-04    3     -1000024         -5          6   # BR(Chi_4 -> Cha_1 Fd_3^* Fu_3 )
     8.67525124E-04    3      1000024          5         -6   # BR(Chi_4 -> Cha_1^* Fd_3 Fu_3^* )
DECAY   1000045     8.32175035E-01   # Chi_5
#    BR                NDA      ID1      ID2
     1.42040983E-04    2      1000025         36   # BR(Chi_5 -> Chi_3 Ah_2 )
     4.79891913E-02    2      1000025         46   # BR(Chi_5 -> Chi_3 Ah_3 )
     2.29962162E-04    2      1000035         46   # BR(Chi_5 -> Chi_4 Ah_3 )
     1.92900269E-03    2     -1000024         37   # BR(Chi_5 -> Cha_1 Hpm_2^* )
     1.92900269E-03    2      1000024        -37   # BR(Chi_5 -> Cha_1^* Hpm_2 )
     4.21540702E-02    2     -1000037         37   # BR(Chi_5 -> Cha_2 Hpm_2^* )
     4.21540702E-02    2      1000037        -37   # BR(Chi_5 -> Cha_2^* Hpm_2 )
     3.89177712E-03    2     -1000024         24   # BR(Chi_5 -> Cha_1 VWm^* )
     3.89177712E-03    2      1000024        -24   # BR(Chi_5 -> Cha_1^* VWm )
     1.91509176E-01    2     -1000037         24   # BR(Chi_5 -> Cha_2 VWm^* )
     1.91509176E-01    2      1000037        -24   # BR(Chi_5 -> Cha_2^* VWm )
     4.17008462E-04    2      1000022         25   # BR(Chi_5 -> Chi_1 hh_1 )
     3.36180156E-04    2      1000022         35   # BR(Chi_5 -> Chi_1 hh_2 )
     1.91411263E-03    2      1000023         25   # BR(Chi_5 -> Chi_2 hh_1 )
     1.89862885E-03    2      1000023         35   # BR(Chi_5 -> Chi_2 hh_2 )
     3.57760555E-02    2      1000025         25   # BR(Chi_5 -> Chi_3 hh_1 )
     3.09334767E-04    2      1000025         35   # BR(Chi_5 -> Chi_3 hh_2 )
     1.67734029E-01    2      1000035         25   # BR(Chi_5 -> Chi_4 hh_1 )
     4.46396262E-02    2      1000035         35   # BR(Chi_5 -> Chi_4 hh_2 )
     6.84057003E-04    2      1000022         23   # BR(Chi_5 -> Chi_1 VZ )
     2.11596640E-03    2      1000023         23   # BR(Chi_5 -> Chi_2 VZ )
     1.63703256E-01    2      1000025         23   # BR(Chi_5 -> Chi_3 VZ )
     3.38857122E-02    2      1000035         23   # BR(Chi_5 -> Chi_4 VZ )
     8.61884158E-05    2            5   -1000001   # BR(Chi_5 -> Fd_3 Sd_1^* )
     8.61884158E-05    2           -5    1000001   # BR(Chi_5 -> Fd_3^* Sd_1 )
     7.50037917E-05    2            5   -1000003   # BR(Chi_5 -> Fd_3 Sd_2^* )
     7.50037917E-05    2           -5    1000003   # BR(Chi_5 -> Fd_3^* Sd_2 )
     7.19734487E-04    2            6   -1000002   # BR(Chi_5 -> Fu_3 Su_1^* )
     7.19734487E-04    2           -6    1000002   # BR(Chi_5 -> Fu_3^* Su_1 )
     4.04652024E-04    2            6   -1000004   # BR(Chi_5 -> Fu_3 Su_2^* )
     4.04652024E-04    2           -6    1000004   # BR(Chi_5 -> Fu_3^* Su_2 )
#    BR                NDA      ID1      ID2       ID3
     3.53890131E-03    3      1000025         -6          6   # BR(Chi_5 -> Chi_3 Fu_3^* Fu_3 )
     2.42869014E-03    3      1000035         -6          6   # BR(Chi_5 -> Chi_4 Fu_3^* Fu_3 )
     1.25843150E-04    3     -1000024         -5          6   # BR(Chi_5 -> Cha_1 Fd_3^* Fu_3 )
     1.25843150E-04    3      1000024          5         -6   # BR(Chi_5 -> Cha_1^* Fd_3 Fu_3^* )
     5.05493274E-03    3     -1000037         -5          6   # BR(Chi_5 -> Cha_2 Fd_3^* Fu_3 )
     5.05493274E-03    3      1000037          5         -6   # BR(Chi_5 -> Cha_2^* Fd_3 Fu_3^* )
DECAY   1000024     7.72631758E-01   # Cha_1
#    BR                NDA      ID1      ID2
     4.72894687E-03    2      1000022         24   # BR(Cha_1^* -> Chi_1 VWm^* )
     1.46379061E-01    2          -11    1000016   # BR(Cha_1^* -> Fe_1^* Sv_3 )
     1.46704895E-01    2          -13    1000014   # BR(Cha_1^* -> Fe_2^* Sv_2 )
     2.52357441E-01    2          -15    1000012   # BR(Cha_1^* -> Fe_3^* Sv_1 )
     1.04550236E-01    2           12   -2000013   # BR(Cha_1^* -> Fv_1 Se_5^* )
     2.79575922E-03    2           14   -1000013   # BR(Cha_1^* -> Fv_2 Se_2^* )
     1.02238209E-01    2           14   -2000015   # BR(Cha_1^* -> Fv_2 Se_6^* )
     1.60077628E-01    2           16   -1000011   # BR(Cha_1^* -> Fv_3 Se_1^* )
     8.01672774E-02    2           16   -2000011   # BR(Cha_1^* -> Fv_3 Se_4^* )
DECAY   1000037     1.80190783E+01   # Cha_2
#    BR                NDA      ID1      ID2
     1.54252151E-04    2      1000024         36   # BR(Cha_2^* -> Cha_1^* Ah_2 )
     1.13389812E-01    2      1000024         25   # BR(Cha_2^* -> Cha_1^* hh_1 )
     1.15314194E-01    2      1000024         23   # BR(Cha_2^* -> Cha_1^* VZ )
     3.57668275E-02    2      1000022         24   # BR(Cha_2^* -> Chi_1 VWm^* )
     1.16089501E-01    2      1000023         24   # BR(Cha_2^* -> Chi_2 VWm^* )
     5.94101826E-01    2           -5    1000002   # BR(Cha_2^* -> Fd_3^* Su_1 )
     1.09129101E-03    2           -5    1000004   # BR(Cha_2^* -> Fd_3^* Su_2 )
     8.59954923E-04    2          -11    1000016   # BR(Cha_2^* -> Fe_1^* Sv_3 )
     8.75327451E-04    2          -13    1000014   # BR(Cha_2^* -> Fe_2^* Sv_2 )
     5.33789349E-03    2          -15    1000012   # BR(Cha_2^* -> Fe_3^* Sv_1 )
     3.39948240E-03    2           12   -2000013   # BR(Cha_2^* -> Fv_1 Se_5^* )
     3.40129225E-03    2           14   -2000015   # BR(Cha_2^* -> Fv_2 Se_6^* )
     7.95688316E-04    2           16   -1000011   # BR(Cha_2^* -> Fv_3 Se_1^* )
     6.97171291E-03    2           16   -2000011   # BR(Cha_2^* -> Fv_3 Se_4^* )
#    BR                NDA      ID1      ID2       ID3
     5.89986908E-04    3      1000024          6         -6   # BR(Cha_2^* -> Cha_1^* Fu_3 Fu_3^* )
     5.68773443E-04    3      1000022          6         -5   # BR(Cha_2^* -> Chi_1 Fu_3 Fd_3^* )
     1.24886377E-03    3      1000023          6         -5   # BR(Cha_2^* -> Chi_2 Fu_3 Fd_3^* )
DECAY         6     1.55067105E+00   # Fu_3
#    BR                NDA      ID1      ID2
     1.00000000E+00    2            5         24   # BR(Fu_3 -> Fd_3 VWm^* )
Block HiggsLHC7 # Higgs production cross section at LHC7 [pb] 
  1        25        1.79740926E+01 # Gluon fusion 
  2        25        1.34639423E+00 # Vector boson fusion 
  3        25        7.60296100E-01 # W-H production 
  4        25        4.25419157E-01 # Z-H production 
  5        25        1.13751747E-01 # t-t-H production 
Block HiggsLHC8 # Higgs production cross section at LHC8 [pb] 
  1        25        2.27137673E+01 # Gluon fusion 
  2        25        1.72708357E+00 # Vector boson fusion 
  3        25        9.47641452E-01 # W-H production 
  4        25        5.29478139E-01 # Z-H production 
  5        25        1.71231426E-01 # t-t-H production 
 Block HiggsBoundsInputHiggsCouplingsFermions # 
    1.17702694E+00    0.00000000E+00        3             25         5         5 # h_1 b b coupling 
    1.17702694E+00    0.00000000E+00        3             25         3         3 # h_1 s s coupling 
    9.98408564E-01    0.00000000E+00        3             25         6         6 # h_1 t t coupling  
    9.98408564E-01    0.00000000E+00        3             25         4         4 # h_1 c c coupling 
    1.17702694E+00    0.00000000E+00        3             25        15        15 # h_1 tau tau coupling 
    1.17702694E+00    0.00000000E+00        3             25        13        13 # h_1 mu mu coupling  
    1.07109581E+02    0.00000000E+00        3             35         5         5 # h_2 b b coupling 
    1.07109581E+02    0.00000000E+00        3             35         3         3 # h_2 s s coupling 
    1.03055473E-02    0.00000000E+00        3             35         6         6 # h_2 t t coupling  
    1.03055473E-02    0.00000000E+00        3             35         4         4 # h_2 c c coupling 
    1.07109581E+02    0.00000000E+00        3             35        15        15 # h_2 tau tau coupling 
    1.07109581E+02    0.00000000E+00        3             35        13        13 # h_2 mu mu coupling  
    3.34737449E-03    0.00000000E+00        3             45         5         5 # h_3 b b coupling 
    3.34737449E-03    0.00000000E+00        3             45         3         3 # h_3 s s coupling 
    4.92143102E-05    0.00000000E+00        3             45         6         6 # h_3 t t coupling  
    4.92143102E-05    0.00000000E+00        3             45         4         4 # h_3 c c coupling 
    3.34737449E-03    0.00000000E+00        3             45        15        15 # h_3 tau tau coupling 
    3.34737449E-03    0.00000000E+00        3             45        13        13 # h_3 mu mu coupling  
    0.00000000E+00    7.85793877E-01        3             36         5         5 # A_2 b b coupling 
    0.00000000E+00    7.85793877E-01        3             36         3         3 # A_2 s s coupling 
    0.00000000E+00    6.79060321E-05        3             36         6         6 # A_2 t t coupling 
    0.00000000E+00    6.79060321E-05        3             36         4         4 # A_2 c c coupling 
    0.00000000E+00    7.85793877E-01        3             36        15        15 # A_2 tau tau coupling 
    0.00000000E+00    7.85793877E-01        3             36        13        13 # A_2 mu mu coupling 
    0.00000000E+00    4.27855935E+02        3             46         5         5 # A_3 b b coupling 
    0.00000000E+00    4.27855935E+02        3             46         3         3 # A_3 s s coupling 
    0.00000000E+00    3.99034791E-02        3             46         6         6 # A_3 t t coupling 
    0.00000000E+00    3.99034791E-02        3             46         4         4 # A_3 c c coupling 
    0.00000000E+00    4.27855935E+02        3             46        15        15 # A_3 tau tau coupling 
    0.00000000E+00    4.27855935E+02        3             46        13        13 # A_3 mu mu coupling 
 Block HiggsBoundsInputHiggsCouplingsBosons # 
    9.99896018E-01        3             25        24        24 # h_1 W W coupling 
    9.99896018E-01        3             25        23        23 # h_1 Z Z coupling  
    0.00000000E+00        3             25        23        22 # h_1 Z gamma coupling 
    1.00731533E+00        3             25        22        22 # h_1 gamma gamma coupling 
    9.64494197E-01        3             25        21        21 # h_1 g g coupling 
    0.00000000E+00        4             25        21        21        23 # h_1 g g Z coupling 
    2.44462717E-05        3             35        24        24 # h_2 W W coupling 
    2.44462717E-05        3             35        23        23 # h_2 Z Z coupling  
    0.00000000E+00        3             35        23        22 # h_2 Z gamma coupling 
    6.72317525E-02        3             35        22        22 # h_2 gamma gamma coupling 
    1.11451133E-01        3             35        21        21 # h_2 g g coupling 
    0.00000000E+00        4             35        21        21        23 # h_2 g g Z coupling 
    4.11630101E-05        3             45        24        24 # h_3 W W coupling 
    4.11630101E-05        3             45        23        23 # h_3 Z Z coupling  
    0.00000000E+00        3             45        23        22 # h_3 Z gamma coupling 
    5.07412834E-04        3             45        22        22 # h_3 gamma gamma coupling 
    6.13931020E-05        3             45        21        21 # h_3 g g coupling 
    0.00000000E+00        4             45        21        21        23 # h_3 g g Z coupling 
    0.00000000E+00        3             36        24        24 # A_2 W W coupling 
    0.00000000E+00        3             36        23        23 # A_2 Z Z coupling 
    0.00000000E+00        3             36        23        22 # A_2 Z gamma coupling 
    3.49765640E-04        3             36        22        22 # A_2 gamma gamma coupling 
    3.65425630E-06        3             36        21        21 # A_2 g g coupling 
    0.00000000E+00        4             36        21        21        23 # A_2 g g Z coupling 
    0.00000000E+00        3             46        24        24 # A_3 W W coupling 
    0.00000000E+00        3             46        23        23 # A_3 Z Z coupling 
    0.00000000E+00        3             46        23        22 # A_3 Z gamma coupling 
    1.45628310E-02        3             46        22        22 # A_3 gamma gamma coupling 
    3.58660224E-03        3             46        21        21 # A_3 g g coupling 
    0.00000000E+00        4             46        21        21        23 # A_3 g g Z coupling 
    0.00000000E+00        3             25        25        23 # h_1 h_1 Z coupling  
    0.00000000E+00        3             25        35        23 # h_1 h_2 Z coupling  
    0.00000000E+00        3             25        45        23 # h_1 h_3 Z coupling  
    7.13590371E-09        3             25        36        23 # h_1 A_2 Z coupling 
    2.87706665E-06        3             25        46        23 # h_1 A_3 Z coupling 
    0.00000000E+00        3             35        25        23 # h_2 h_1 Z coupling  
    0.00000000E+00        3             35        35        23 # h_2 h_2 Z coupling  
    0.00000000E+00        3             35        45        23 # h_2 h_3 Z coupling  
    1.94102151E-03        3             35        36        23 # h_2 A_2 Z coupling 
    1.13252614E+00        3             35        46        23 # h_2 A_3 Z coupling 
    0.00000000E+00        3             45        25        23 # h_3 h_1 Z coupling  
    0.00000000E+00        3             45        35        23 # h_3 h_2 Z coupling  
    0.00000000E+00        3             45        45        23 # h_3 h_3 Z coupling  
    7.52612303E-08        3             45        36        23 # h_3 A_2 Z coupling 
    4.39417455E-05        3             45        46        23 # h_3 A_3 Z coupling 
    0.00000000E+00        3             36        36        23 # A_2 A_2 Z coupling 
    0.00000000E+00        3             36        46        23 # A_2 A_3 Z coupling 
    0.00000000E+00        3             46        36        23 # A_3 A_2 Z coupling 
    0.00000000E+00        3             46        46        23 # A_3 A_3 Z coupling 
Block EFFHIGGSCOUPLINGS # values of loop-induced couplings 
        25           22           22     0.29773456E-04 # H-Photon-Photon 
        25           21           21     0.57868779E-04 # H-Gluon-Gluon 
        25           22           23     0.00000000E+00 # H-Photon-Z (not yet calculated by SPheno) 
        35           22           22     0.19963575E-05 # H-Photon-Photon 
        35           21           21     0.11719797E-04 # H-Gluon-Gluon 
        35           22           23     0.00000000E+00 # H-Photon-Z (not yet calculated by SPheno) 
        45           22           22     0.20482506E-06 # H-Photon-Photon 
        45           21           21     0.11709904E-06 # H-Gluon-Gluon 
        45           22           23     0.00000000E+00 # H-Photon-Z (not yet calculated by SPheno) 
        36           22           22     0.30301944E-06 # A-Photon-Photon 
        36           21           21     0.19571500E-06 # A-Gluon-Gluon 
        36           22           23     0.00000000E+00 # A-Photon-Z (not yet calculated by SPheno) 
        46           22           22     0.10895335E-05 # A-Photon-Photon 
        46           21           21     0.21726001E-05 # A-Gluon-Gluon 
        46           22           23     0.00000000E+00 # A-Photon-Z (not yet calculated by SPheno) 
Block SPhenoLowEnergy # low energy observables 
    1    2.96047652E-04  # BRBtoSGamma
   20    1.98670391E-14  # ae
   21    8.67175337E-10  # amu
   22    2.94539725E-07  # atau
   23    0.00000000E+00  # EDMe
   24    0.00000000E+00  # EDMmu
   25    0.00000000E+00  # EDMtau
   26    0.00000000E+00  # BRMuEgamma
   27    0.00000000E+00  # BRTauEgamma
   28    0.00000000E+00  # BRTauMugamma
   29    0.00000000E+00  # BrMu3e
   30    0.00000000E+00  # BrTau3e
   31    0.00000000E+00  # BrTau3mu
   39    1.46211105E-04  # dRho
   40    0.00000000E+00  # BRZMuE
   41    0.00000000E+00  # BRZTauE
   42    0.00000000E+00  # BRZTauMu
   43    8.07655469E-14  # BRBsEE
   44    3.45395663E-09  # BRBsMuMu
   45    0.00000000E+00  # BRBsMuE
   46    2.65219537E-15  # BRBdEE
   47    1.13417697E-10  # BRBdMuMu
   48    2.37622312E-08  # BRBdTauTau
   81    0.00000000E+00  # MuEAl
   82    0.00000000E+00  # MuETi
   83    0.00000000E+00  # MuESr
   84    0.00000000E+00  # MuESb
   85    0.00000000E+00  # MuEAu
   86    0.00000000E+00  # MuEPb
   91    0.00000000E+00  # TauEPi0
   92    0.00000000E+00  # TauEEta
   93    0.00000000E+00  # TauEEtap
   94    0.00000000E+00  # TauMuPi0
   95    0.00000000E+00  # TauMuEta
   96    0.00000000E+00  # TauMuEtap
Block SPheno # SPheno internal parameters 
         1    -1.00000000E+00  # ErrorLevel
         2     1.00000000E+00  # SPA_conventions
        11     1.00000000E+00  # Branching ratios
        13     1.00000000E+00  # 3 Body decays
        31     1.72675687E+16  # GUT scale
        33     1.00000000E+03  # SUSY scale
        34     1.00000000E-04  # Precision
        35     4.00000000E+01  # Iterations
        38     2.00000000E+00  # RGE level
        40     7.29735308E-03  # Alpha
        41     2.49000000E+00  # Gamma_Z
        42     2.06000000E+00  # Gamma_W
        50     1.00000000E+00  # Rotate negative fermion masses
        51     0.00000000E+00  # Switch to SCKM matrix
        52     0.00000000E+00  # Ignore negative masses
        53     0.00000000E+00  # Ignore negative masses at MZ
        55     1.00000000E+00  # Calculate one loop masses
        56     0.00000000E+00  # Calculate two-loop Higgs masses
        57     1.00000000E+00  # Calculate low energy
        60     1.00000000E+00  # Include kinetic mixing
        65     1.00000000E+00  # Solution of tadpole equation
BLOCK VEVACIOUSRESULTS # results from Vevacious version 0.3.0, documented in [still unpublished]
    0   0    +0.00000000E+000    long-lived    # stability of input
    0   1    +1.00000000E+006    full_deformed_path    # tunneling time in Universe ages / calculation type
    1   0    -1.06147108E+014    relative_depth    # input potential energy density difference from all VEVs = 0.0
    1   1    +0.00000000E+000    vE3    # input VEV
    1   2    +0.00000000E+000    vL3    # input VEV
    1   3    +0.00000000E+000    vQ3    # input VEV
    1   4    +1.36889978E+004    vS    # input VEV
    1   5    -3.41060513E-010    vT3    # input VEV
    1   6    +2.42086733E+001    vdR    # input VEV
    1   7    +2.41594782E+002    vuR    # input VEV
    2   0    -3.32090835E+014    relative_depth    # global minimum potential energy density difference from all VEVs = 0.0
    2   1    -1.66892278E-006    vE3    # global minimum VEV
    2   2    -1.10196652E-006    vL3    # global minimum VEV
    2   3    +1.65982783E-008    vQ3    # global minimum VEV
    2   4    -1.80475119E+004    vS    # global minimum VEV
    2   5    +2.22939889E-007    vT3    # global minimum VEV
    2   6    +1.82048600E+004    vdR    # global minimum VEV
    2   7    +1.89798183E+004    vuR    # global minimum VEV
