# SUSY Les Houches Accord 2.beta - MSSM spectrum + Decays
# SPheno module generated by SARAH
# ----------------------------------------------------------------------
# SPheno v3.2.1  
# W. Porod, Comput. Phys. Commun. 153 (2003) 275-315, hep-ph/0301101
# W. Porod, F.Staub, Comput.Phys.Commun.183 (2012) 2458-2469, arXiv:1104.1573
# SARAH: SARAHVER
# F. Staub, arXiv:0806.0538 (online manual)
# F. Staub, Comput. Phys. Commun. 181 (2010) 1077-1086, arXiv:0909.2863
# F. Staub, Comput. Phys. Commun. 182 (2011)  808-833, arXiv:1002.0840
# F. Staub, arXiv:1207.0906 
#  
# in case of problems send email to porod@physik.uni-wuerzburg.de 
# or to fnstaub@th.physik.uni-bonn.de 
# ----------------------------------------------------------------------
# Created: 22.03.2013,  14:25
Block SPINFO         # Program information
     1   SPhenoSARAH      # spectrum calculator
     2   v3.2.1      # version number of SPheno
     4   SARAHVER    # version number of SARAH
Block MODSEL  # Input parameters
     1  1   #  GUT scale input
     2  1   #  Boundary conditions 
Block MINPAR  # Input parameters
    1    1.16500000E+03  # m0
    2    1.11000000E+03  # m12
    3    3.93000000E+01  # TanBeta
    4    1.00000000E+00  # SignumMu
    5   -2.96910000E+03  # Azero
Block gaugeGUT Q=  1.48209811E+16  # (GUT scale)
   1    7.03372410E-01  # g1(Q)^DRbar
   2    7.03367923E-01  # g2(Q)^DRbar
   3    6.99174841E-01  # g3(Q)^DRbar
Block SMINPUTS  # SM parameters
         1     1.27931489E+02  # alpha_em^-1(MZ)^MSbar
         2     1.16639000E-05  # G_mu [GeV^-2]
         3     1.19000000E-01  # alpha_s(MZ)^MSbar
         4     9.11876000E+01  # m_Z(pole)
         5     4.20000000E+00  # m_b(m_b), MSbar
         6     1.72900000E+02  # m_t(pole)
         7     1.77700000E+00  # m_tau(pole)
Block GAUGE Q=  1.00000000E+03  # (SUSY scale)
   1    3.61519199E-01  # g1
   2    6.36751450E-01  # g2
   3    1.04060771E+00  # g3
Block HMIX Q=  1.00000000E+03  # (SUSY scale)
   1    1.88051374E+03  # Mu
 101    1.78104199E+05  # Bmu
 102    6.19330056E+00  # vd
 103    2.43396712E+02  # vu
   3    2.43475494E+02  # v
  10    1.54535688E+00  # betaH
  11    3.11604137E+00  # alphaH
Block MSOFT Q=  1.00000000E+03  # (SUSY scale)
  21   -1.08272458E+06  # mHd2
  22   -3.67224954E+06  # mHu2
   1    4.80330855E+02  # M1
   2    8.80935842E+02  # M2
   3    2.42068691E+03  # M3
Block PHASES Q=  1.00000000E+03  # (SUSY scale)
   1    1.00000000E+00  # pG
Block TREEHMIX Q=  1.00000000E+03  # (SUSY scale)
   1    1.91566429E+03  # Mu
 101    6.57224650E+04  # Bmu
Block Yu Q=  1.00000000E+03  # (SUSY Scale)
  1  1     8.32017554E-06   # Real(Yu(1,1),dp)
  1  2     0.00000000E+00   # Real(Yu(1,2),dp)
  1  3     0.00000000E+00   # Real(Yu(1,3),dp)
  2  1     0.00000000E+00   # Real(Yu(2,1),dp)
  2  2     3.52220687E-03   # Real(Yu(2,2),dp)
  2  3     0.00000000E+00   # Real(Yu(2,3),dp)
  3  1     0.00000000E+00   # Real(Yu(3,1),dp)
  3  2     0.00000000E+00   # Real(Yu(3,2),dp)
  3  3     8.47050104E-01   # Real(Yu(3,3),dp)
Block Yd Q=  1.00000000E+03  # (SUSY Scale)
  1  1     4.35800766E-04   # Real(Yd(1,1),dp)
  1  2     0.00000000E+00   # Real(Yd(1,2),dp)
  1  3     0.00000000E+00   # Real(Yd(1,3),dp)
  2  1     0.00000000E+00   # Real(Yd(2,1),dp)
  2  2     9.15169328E-03   # Real(Yd(2,2),dp)
  2  3     0.00000000E+00   # Real(Yd(2,3),dp)
  3  1     0.00000000E+00   # Real(Yd(3,1),dp)
  3  2     0.00000000E+00   # Real(Yd(3,2),dp)
  3  3     4.54497882E-01   # Real(Yd(3,3),dp)
Block Ye Q=  1.00000000E+03  # (SUSY Scale)
  1  1     1.21943321E-04   # Real(Ye(1,1),dp)
  1  2     0.00000000E+00   # Real(Ye(1,2),dp)
  1  3     0.00000000E+00   # Real(Ye(1,3),dp)
  2  1     0.00000000E+00   # Real(Ye(2,1),dp)
  2  2     2.52139928E-02   # Real(Ye(2,2),dp)
  2  3     0.00000000E+00   # Real(Ye(2,3),dp)
  3  1     0.00000000E+00   # Real(Ye(3,1),dp)
  3  2     0.00000000E+00   # Real(Ye(3,2),dp)
  3  3     4.21041794E-01   # Real(Ye(3,3),dp)
Block Tu Q=  1.00000000E+03  # (SUSY Scale)
  1  1    -3.69295463E-02   # Real(Tu(1,1),dp)
  1  2     0.00000000E+00   # Real(Tu(1,2),dp)
  1  3     0.00000000E+00   # Real(Tu(1,3),dp)
  2  1     0.00000000E+00   # Real(Tu(2,1),dp)
  2  2    -1.56332076E+01   # Real(Tu(2,2),dp)
  2  3     0.00000000E+00   # Real(Tu(2,3),dp)
  3  1     0.00000000E+00   # Real(Tu(3,1),dp)
  3  2     0.00000000E+00   # Real(Tu(3,2),dp)
  3  3    -2.38161735E+03   # Real(Tu(3,3),dp)
Block Td Q=  1.00000000E+03  # (SUSY Scale)
  1  1    -2.32431125E+00   # Real(Td(1,1),dp)
  1  2     0.00000000E+00   # Real(Td(1,2),dp)
  1  3     0.00000000E+00   # Real(Td(1,3),dp)
  2  1     0.00000000E+00   # Real(Td(2,1),dp)
  2  2    -4.88081884E+01   # Real(Td(2,2),dp)
  2  3     0.00000000E+00   # Real(Td(2,3),dp)
  3  1     0.00000000E+00   # Real(Td(3,1),dp)
  3  2     0.00000000E+00   # Real(Td(3,2),dp)
  3  3    -2.00427799E+03   # Real(Td(3,3),dp)
Block Te Q=  1.00000000E+03  # (SUSY Scale)
  1  1    -3.67780300E-01   # Real(Te(1,1),dp)
  1  2     0.00000000E+00   # Real(Te(1,2),dp)
  1  3     0.00000000E+00   # Real(Te(1,3),dp)
  2  1     0.00000000E+00   # Real(Te(2,1),dp)
  2  2    -7.59992818E+01   # Real(Te(2,2),dp)
  2  3     0.00000000E+00   # Real(Te(2,3),dp)
  3  1     0.00000000E+00   # Real(Te(3,1),dp)
  3  2     0.00000000E+00   # Real(Te(3,2),dp)
  3  3    -1.05636775E+03   # Real(Te(3,3),dp)
Block MSQ2 Q=  1.00000000E+03  # (SUSY Scale)
  1  1     6.06784469E+06   # Real(mq2(1,1),dp)
  1  2     0.00000000E+00   # Real(mq2(1,2),dp)
  1  3     0.00000000E+00   # Real(mq2(1,3),dp)
  2  1     0.00000000E+00   # Real(mq2(2,1),dp)
  2  2     6.06744847E+06   # Real(mq2(2,2),dp)
  2  3     0.00000000E+00   # Real(mq2(2,3),dp)
  3  1     0.00000000E+00   # Real(mq2(3,1),dp)
  3  2     0.00000000E+00   # Real(mq2(3,2),dp)
  3  3     3.63380171E+06   # Real(mq2(3,3),dp)
Block MSL2 Q=  1.00000000E+03  # (SUSY Scale)
  1  1     1.87998798E+06   # Real(ml2(1,1),dp)
  1  2     0.00000000E+00   # Real(ml2(1,2),dp)
  1  3     0.00000000E+00   # Real(ml2(1,3),dp)
  2  1     0.00000000E+00   # Real(ml2(2,1),dp)
  2  2     1.87741474E+06   # Real(ml2(2,2),dp)
  2  3     0.00000000E+00   # Real(ml2(2,3),dp)
  3  1     0.00000000E+00   # Real(ml2(3,1),dp)
  3  2     0.00000000E+00   # Real(ml2(3,2),dp)
  3  3     1.25198910E+06   # Real(ml2(3,3),dp)
Block MSD2 Q=  1.00000000E+03  # (SUSY Scale)
  1  1     5.66153143E+06   # Real(md2(1,1),dp)
  1  2     0.00000000E+00   # Real(md2(1,2),dp)
  1  3     0.00000000E+00   # Real(md2(1,3),dp)
  2  1     0.00000000E+00   # Real(md2(2,1),dp)
  2  2     5.66081931E+06   # Real(md2(2,2),dp)
  2  3     0.00000000E+00   # Real(md2(2,3),dp)
  3  1     0.00000000E+00   # Real(md2(3,1),dp)
  3  2     0.00000000E+00   # Real(md2(3,2),dp)
  3  3     4.18564625E+06   # Real(md2(3,3),dp)
Block MSU2 Q=  1.00000000E+03  # (SUSY Scale)
  1  1     5.70444529E+06   # Real(mu2(1,1),dp)
  1  2     0.00000000E+00   # Real(mu2(1,2),dp)
  1  3     0.00000000E+00   # Real(mu2(1,3),dp)
  2  1     0.00000000E+00   # Real(mu2(2,1),dp)
  2  2     5.70435635E+06   # Real(mu2(2,2),dp)
  2  3     0.00000000E+00   # Real(mu2(2,3),dp)
  3  1     0.00000000E+00   # Real(mu2(3,1),dp)
  3  2     0.00000000E+00   # Real(mu2(3,2),dp)
  3  3     2.23472879E+06   # Real(mu2(3,3),dp)
Block MSE2 Q=  1.00000000E+03  # (SUSY Scale)
  1  1     1.51899345E+06   # Real(me2(1,1),dp)
  1  2     0.00000000E+00   # Real(me2(1,2),dp)
  1  3     0.00000000E+00   # Real(me2(1,3),dp)
  2  1     0.00000000E+00   # Real(me2(2,1),dp)
  2  2     1.51380254E+06   # Real(me2(2,2),dp)
  2  3     0.00000000E+00   # Real(me2(2,3),dp)
  3  1     0.00000000E+00   # Real(me2(3,1),dp)
  3  2     0.00000000E+00   # Real(me2(3,2),dp)
  3  3     2.47040693E+05   # Real(me2(3,3),dp)
Block MASS  # Mass spectrum
#   PDG code      mass          particle
   1000001     1.90001413E+03  # Sd_1
   1000003     2.07276628E+03  # Sd_2
   1000005     2.39238467E+03  # Sd_3
   2000001     2.39253008E+03  # Sd_4
   2000003     2.47997348E+03  # Sd_5
   2000005     2.48004506E+03  # Sd_6
   1000002     1.46122909E+03  # Su_1
   1000004     1.94251247E+03  # Su_2
   1000006     2.40085894E+03  # Su_3
   2000002     2.40088119E+03  # Su_4
   2000004     2.47890383E+03  # Su_5
   2000006     2.47897602E+03  # Su_6
   1000011     4.79489588E+02  # Se_1
   1000013     1.12725556E+03  # Se_2
   1000015     1.23393406E+03  # Se_3
   2000011     1.23611795E+03  # Se_4
   2000013     1.37436244E+03  # Se_5
   2000015     1.37523232E+03  # Se_6
   1000012     1.11545117E+03  # Sv_1
   1000014     1.37169586E+03  # Sv_2
   1000016     1.37264029E+03  # Sv_3
        25     1.19974429E+02  # hh_1
        35     1.60802141E+03  # hh_2
        36     1.60796595E+03  # Ah_2
        37     1.61047505E+03  # Hpm_2
        23     9.11876000E+01  # VZ
        24     8.03850000E+01  # VWm
         1     5.00000000E-03  # Fd_1
         3     1.05000000E-01  # Fd_2
         5     4.20000000E+00  # Fd_3
         2     3.00000000E-03  # Fu_1
         4     1.27000000E+00  # Fu_2
         6     1.72900000E+02  # Fu_3
        11     5.10998910E-04  # Fe_1
        13     1.05658000E-01  # Fe_2
        15     1.77700000E+00  # Fe_3
   1000021     2.45943652E+03  # Glu
   1000022     4.81102969E+02  # Chi_1
   1000023     9.14802031E+02  # Chi_2
   1000025     1.88132315E+03  # Chi_3
   1000035     1.88302586E+03  # Chi_4
   1000024     9.14962863E+02  # Cha_1
   1000037     1.88406372E+03  # Cha_2
Block LSP  # LSP and NLSP
  1   1000011   # LSP 
  2   1000022   # NLSP 
Block DSQMIX Q=  1.00000000E+03  # ()
  1  1     0.00000000E+00   # Real(ZD(1,1),dp)
  1  2     0.00000000E+00   # Real(ZD(1,2),dp)
  1  3     9.74959654E-01   # Real(ZD(1,3),dp)
  1  4     0.00000000E+00   # Real(ZD(1,4),dp)
  1  5     0.00000000E+00   # Real(ZD(1,5),dp)
  1  6     2.22381818E-01   # Real(ZD(1,6),dp)
  2  1     0.00000000E+00   # Real(ZD(2,1),dp)
  2  2     0.00000000E+00   # Real(ZD(2,2),dp)
  2  3    -2.22381818E-01   # Real(ZD(2,3),dp)
  2  4     0.00000000E+00   # Real(ZD(2,4),dp)
  2  5     0.00000000E+00   # Real(ZD(2,5),dp)
  2  6     9.74959654E-01   # Real(ZD(2,6),dp)
  3  1     0.00000000E+00   # Real(ZD(3,1),dp)
  3  2     7.70264953E-03   # Real(ZD(3,2),dp)
  3  3     0.00000000E+00   # Real(ZD(3,3),dp)
  3  4     0.00000000E+00   # Real(ZD(3,4),dp)
  3  5     9.99970334E-01   # Real(ZD(3,5),dp)
  3  6     0.00000000E+00   # Real(ZD(3,6),dp)
  4  1    -3.67100508E-04   # Real(ZD(4,1),dp)
  4  2    -0.00000000E+00   # Real(ZD(4,2),dp)
  4  3    -0.00000000E+00   # Real(ZD(4,3),dp)
  4  4    -9.99999933E-01   # Real(ZD(4,4),dp)
  4  5    -0.00000000E+00   # Real(ZD(4,5),dp)
  4  6    -0.00000000E+00   # Real(ZD(4,6),dp)
  5  1     0.00000000E+00   # Real(ZD(5,1),dp)
  5  2     9.99970334E-01   # Real(ZD(5,2),dp)
  5  3     0.00000000E+00   # Real(ZD(5,3),dp)
  5  4     0.00000000E+00   # Real(ZD(5,4),dp)
  5  5    -7.70264953E-03   # Real(ZD(5,5),dp)
  5  6     0.00000000E+00   # Real(ZD(5,6),dp)
  6  1    -9.99999933E-01   # Real(ZD(6,1),dp)
  6  2     0.00000000E+00   # Real(ZD(6,2),dp)
  6  3     0.00000000E+00   # Real(ZD(6,3),dp)
  6  4     3.67100508E-04   # Real(ZD(6,4),dp)
  6  5     0.00000000E+00   # Real(ZD(6,5),dp)
  6  6     0.00000000E+00   # Real(ZD(6,6),dp)
Block SNUMIX Q=  1.00000000E+03  # ()
  1  1     0.00000000E+00   # Real(ZV(1,1),dp)
  1  2     0.00000000E+00   # Real(ZV(1,2),dp)
  1  3     1.00000000E+00   # Real(ZV(1,3),dp)
  2  1     0.00000000E+00   # Real(ZV(2,1),dp)
  2  2     1.00000000E+00   # Real(ZV(2,2),dp)
  2  3     0.00000000E+00   # Real(ZV(2,3),dp)
  3  1     1.00000000E+00   # Real(ZV(3,1),dp)
  3  2     0.00000000E+00   # Real(ZV(3,2),dp)
  3  3     0.00000000E+00   # Real(ZV(3,3),dp)
Block USQMIX Q=  1.00000000E+03  # ()
  1  1    -0.00000000E+00   # Real(ZU(1,1),dp)
  1  2    -0.00000000E+00   # Real(ZU(1,2),dp)
  1  3    -2.63512451E-01   # Real(ZU(1,3),dp)
  1  4    -0.00000000E+00   # Real(ZU(1,4),dp)
  1  5    -0.00000000E+00   # Real(ZU(1,5),dp)
  1  6    -9.64655995E-01   # Real(ZU(1,6),dp)
  2  1     0.00000000E+00   # Real(ZU(2,1),dp)
  2  2     0.00000000E+00   # Real(ZU(2,2),dp)
  2  3    -9.64655995E-01   # Real(ZU(2,3),dp)
  2  4     0.00000000E+00   # Real(ZU(2,4),dp)
  2  5     0.00000000E+00   # Real(ZU(2,5),dp)
  2  6     2.63512451E-01   # Real(ZU(2,6),dp)
  3  1    -0.00000000E+00   # Real(ZU(3,1),dp)
  3  2     7.28473618E-03   # Real(ZU(3,2),dp)
  3  3    -0.00000000E+00   # Real(ZU(3,3),dp)
  3  4    -0.00000000E+00   # Real(ZU(3,4),dp)
  3  5     9.99973466E-01   # Real(ZU(3,5),dp)
  3  6    -0.00000000E+00   # Real(ZU(3,6),dp)
  4  1     1.71960353E-05   # Real(ZU(4,1),dp)
  4  2     0.00000000E+00   # Real(ZU(4,2),dp)
  4  3     0.00000000E+00   # Real(ZU(4,3),dp)
  4  4     1.00000000E+00   # Real(ZU(4,4),dp)
  4  5     0.00000000E+00   # Real(ZU(4,5),dp)
  4  6     0.00000000E+00   # Real(ZU(4,6),dp)
  5  1     0.00000000E+00   # Real(ZU(5,1),dp)
  5  2     9.99973466E-01   # Real(ZU(5,2),dp)
  5  3     0.00000000E+00   # Real(ZU(5,3),dp)
  5  4     0.00000000E+00   # Real(ZU(5,4),dp)
  5  5    -7.28473618E-03   # Real(ZU(5,5),dp)
  5  6     0.00000000E+00   # Real(ZU(5,6),dp)
  6  1    -1.00000000E+00   # Real(ZU(6,1),dp)
  6  2    -0.00000000E+00   # Real(ZU(6,2),dp)
  6  3    -0.00000000E+00   # Real(ZU(6,3),dp)
  6  4     1.71960353E-05   # Real(ZU(6,4),dp)
  6  5    -0.00000000E+00   # Real(ZU(6,5),dp)
  6  6    -0.00000000E+00   # Real(ZU(6,6),dp)
Block SELMIX Q=  1.00000000E+03  # ()
  1  1    -0.00000000E+00   # Real(ZE(1,1),dp)
  1  2    -0.00000000E+00   # Real(ZE(1,2),dp)
  1  3    -1.37039636E-01   # Real(ZE(1,3),dp)
  1  4    -0.00000000E+00   # Real(ZE(1,4),dp)
  1  5    -0.00000000E+00   # Real(ZE(1,5),dp)
  1  6    -9.90565565E-01   # Real(ZE(1,6),dp)
  2  1     0.00000000E+00   # Real(ZE(2,1),dp)
  2  2     0.00000000E+00   # Real(ZE(2,2),dp)
  2  3    -9.90565565E-01   # Real(ZE(2,3),dp)
  2  4     0.00000000E+00   # Real(ZE(2,4),dp)
  2  5     0.00000000E+00   # Real(ZE(2,5),dp)
  2  6     1.37039636E-01   # Real(ZE(2,6),dp)
  3  1    -0.00000000E+00   # Real(ZE(3,1),dp)
  3  2    -2.32858147E-02   # Real(ZE(3,2),dp)
  3  3    -0.00000000E+00   # Real(ZE(3,3),dp)
  3  4    -0.00000000E+00   # Real(ZE(3,4),dp)
  3  5    -9.99728849E-01   # Real(ZE(3,5),dp)
  3  6    -0.00000000E+00   # Real(ZE(3,6),dp)
  4  1     1.13524111E-04   # Real(ZE(4,1),dp)
  4  2     0.00000000E+00   # Real(ZE(4,2),dp)
  4  3     0.00000000E+00   # Real(ZE(4,3),dp)
  4  4     9.99999994E-01   # Real(ZE(4,4),dp)
  4  5     0.00000000E+00   # Real(ZE(4,5),dp)
  4  6     0.00000000E+00   # Real(ZE(4,6),dp)
  5  1     0.00000000E+00   # Real(ZE(5,1),dp)
  5  2    -9.99728849E-01   # Real(ZE(5,2),dp)
  5  3     0.00000000E+00   # Real(ZE(5,3),dp)
  5  4     0.00000000E+00   # Real(ZE(5,4),dp)
  5  5     2.32858147E-02   # Real(ZE(5,5),dp)
  5  6     0.00000000E+00   # Real(ZE(5,6),dp)
  6  1    -9.99999994E-01   # Real(ZE(6,1),dp)
  6  2    -0.00000000E+00   # Real(ZE(6,2),dp)
  6  3    -0.00000000E+00   # Real(ZE(6,3),dp)
  6  4     1.13524111E-04   # Real(ZE(6,4),dp)
  6  5    -0.00000000E+00   # Real(ZE(6,5),dp)
  6  6    -0.00000000E+00   # Real(ZE(6,6),dp)
Block SCALARMIX Q=  1.00000000E+03  # ()
  1  1    -2.55484988E-02   # ZH(1,1)
  1  2    -9.99673584E-01   # ZH(1,2)
  2  1    -9.99673584E-01   # ZH(2,1)
  2  2     2.55484988E-02   # ZH(2,2)
Block PSEUDOSCALARMIX Q=  1.00000000E+03  # ()
  1  1     2.54367013E-02   # ZA(1,1)
  1  2    -9.99676435E-01   # ZA(1,2)
  2  1    -9.99676435E-01   # ZA(2,1)
  2  2    -2.54367013E-02   # ZA(2,2)
Block CHARGEMIX Q=  1.00000000E+03  # ()
  1  1     2.54367803E-02   # Real(ZP(1,1),dp)
  1  2    -9.99676433E-01   # Real(ZP(1,2),dp)
  2  1    -9.99676433E-01   # Real(ZP(2,1),dp)
  2  2    -2.54367803E-02   # Real(ZP(2,2),dp)
Block NMIX Q=  1.00000000E+03  # ()
  1  1     9.99642849E-01   # Real(ZN(1,1),dp)
  1  2    -1.52645385E-03   # Real(ZN(1,2),dp)
  1  3     2.56448604E-02   # Real(ZN(1,3),dp)
  1  4    -7.36102334E-03   # Real(ZN(1,4),dp)
  2  1    -3.11570691E-03   # Real(ZN(2,1),dp)
  2  2    -9.98152917E-01   # Real(ZN(2,2),dp)
  2  3     5.42278841E-02   # Real(ZN(2,3),dp)
  2  4    -2.72099743E-02   # Real(ZN(2,4),dp)
  3  1     0.00000000E+00   # Real(ZN(3,1),dp)
  3  2    -0.00000000E+00   # Real(ZN(3,2),dp)
  3  3    -0.00000000E+00   # Real(ZN(3,3),dp)
  3  4    -0.00000000E+00   # Real(ZN(3,4),dp)
  4  1    -2.32017556E-02   # Real(ZN(4,1),dp)
  4  2     5.76347942E-02   # Real(ZN(4,2),dp)
  4  3     7.05076445E-01   # Real(ZN(4,3),dp)
  4  4    -7.06404358E-01   # Real(ZN(4,4),dp)
Block IMNMIX Q=  1.00000000E+03  # ()
  1  1     0.00000000E+00   # Aimag(ZN(1,1))
  1  2     0.00000000E+00   # Aimag(ZN(1,2))
  1  3     0.00000000E+00   # Aimag(ZN(1,3))
  1  4     0.00000000E+00   # Aimag(ZN(1,4))
  2  1     0.00000000E+00   # Aimag(ZN(2,1))
  2  2     0.00000000E+00   # Aimag(ZN(2,2))
  2  3     0.00000000E+00   # Aimag(ZN(2,3))
  2  4     0.00000000E+00   # Aimag(ZN(2,4))
  3  1     1.28897051E-02   # Aimag(ZN(3,1))
  3  2    -1.91482160E-02   # Aimag(ZN(3,2))
  3  3    -7.06589616E-01   # Aimag(ZN(3,3))
  3  4    -7.07246998E-01   # Aimag(ZN(3,4))
  4  1     0.00000000E+00   # Aimag(ZN(4,1))
  4  2     0.00000000E+00   # Aimag(ZN(4,2))
  4  3     0.00000000E+00   # Aimag(ZN(4,3))
  4  4     0.00000000E+00   # Aimag(ZN(4,4))
Block UMIX Q=  1.00000000E+03  # ()
  1  1     9.97030484E-01   # Real(UM(1,1),dp)
  1  2    -7.70078835E-02   # Real(UM(1,2),dp)
  2  1     7.70078835E-02   # Real(UM(2,1),dp)
  2  2     9.97030484E-01   # Real(UM(2,2),dp)
Block VMIX Q=  1.00000000E+03  # ()
  1  1     9.99243958E-01   # Real(UP(1,1),dp)
  1  2    -3.88781805E-02   # Real(UP(1,2),dp)
  2  1     3.88781805E-02   # Real(UP(2,1),dp)
  2  2     9.99243958E-01   # Real(UP(2,2),dp)
Block UELMIX Q=  1.00000000E+03  # ()
  1  1     1.00000000E+00   # Real(ZEL(1,1),dp)
  1  2     0.00000000E+00   # Real(ZEL(1,2),dp)
  1  3     0.00000000E+00   # Real(ZEL(1,3),dp)
  2  1     0.00000000E+00   # Real(ZEL(2,1),dp)
  2  2     1.00000000E+00   # Real(ZEL(2,2),dp)
  2  3     0.00000000E+00   # Real(ZEL(2,3),dp)
  3  1     0.00000000E+00   # Real(ZEL(3,1),dp)
  3  2     0.00000000E+00   # Real(ZEL(3,2),dp)
  3  3     1.00000000E+00   # Real(ZEL(3,3),dp)
Block UERMIX Q=  1.00000000E+03  # ()
  1  1     1.00000000E+00   # Real(ZER(1,1),dp)
  1  2     0.00000000E+00   # Real(ZER(1,2),dp)
  1  3     0.00000000E+00   # Real(ZER(1,3),dp)
  2  1     0.00000000E+00   # Real(ZER(2,1),dp)
  2  2     1.00000000E+00   # Real(ZER(2,2),dp)
  2  3     0.00000000E+00   # Real(ZER(2,3),dp)
  3  1     0.00000000E+00   # Real(ZER(3,1),dp)
  3  2     0.00000000E+00   # Real(ZER(3,2),dp)
  3  3     1.00000000E+00   # Real(ZER(3,3),dp)
Block UDLMIX Q=  1.00000000E+03  # ()
  1  1     1.00000000E+00   # Real(ZDL(1,1),dp)
  1  2     0.00000000E+00   # Real(ZDL(1,2),dp)
  1  3     0.00000000E+00   # Real(ZDL(1,3),dp)
  2  1     0.00000000E+00   # Real(ZDL(2,1),dp)
  2  2     1.00000000E+00   # Real(ZDL(2,2),dp)
  2  3     0.00000000E+00   # Real(ZDL(2,3),dp)
  3  1     0.00000000E+00   # Real(ZDL(3,1),dp)
  3  2     0.00000000E+00   # Real(ZDL(3,2),dp)
  3  3     1.00000000E+00   # Real(ZDL(3,3),dp)
Block UDRMIX Q=  1.00000000E+03  # ()
  1  1     1.00000000E+00   # Real(ZDR(1,1),dp)
  1  2     0.00000000E+00   # Real(ZDR(1,2),dp)
  1  3     0.00000000E+00   # Real(ZDR(1,3),dp)
  2  1     0.00000000E+00   # Real(ZDR(2,1),dp)
  2  2     1.00000000E+00   # Real(ZDR(2,2),dp)
  2  3     0.00000000E+00   # Real(ZDR(2,3),dp)
  3  1     0.00000000E+00   # Real(ZDR(3,1),dp)
  3  2     0.00000000E+00   # Real(ZDR(3,2),dp)
  3  3     1.00000000E+00   # Real(ZDR(3,3),dp)
Block UULMIX Q=  1.00000000E+03  # ()
  1  1     1.00000000E+00   # Real(ZUL(1,1),dp)
  1  2     0.00000000E+00   # Real(ZUL(1,2),dp)
  1  3     0.00000000E+00   # Real(ZUL(1,3),dp)
  2  1     0.00000000E+00   # Real(ZUL(2,1),dp)
  2  2     1.00000000E+00   # Real(ZUL(2,2),dp)
  2  3     0.00000000E+00   # Real(ZUL(2,3),dp)
  3  1     0.00000000E+00   # Real(ZUL(3,1),dp)
  3  2     0.00000000E+00   # Real(ZUL(3,2),dp)
  3  3     1.00000000E+00   # Real(ZUL(3,3),dp)
Block UURMIX Q=  1.00000000E+03  # ()
  1  1     1.00000000E+00   # Real(ZUR(1,1),dp)
  1  2     0.00000000E+00   # Real(ZUR(1,2),dp)
  1  3     0.00000000E+00   # Real(ZUR(1,3),dp)
  2  1     0.00000000E+00   # Real(ZUR(2,1),dp)
  2  2     1.00000000E+00   # Real(ZUR(2,2),dp)
  2  3     0.00000000E+00   # Real(ZUR(2,3),dp)
  3  1     0.00000000E+00   # Real(ZUR(3,1),dp)
  3  2     0.00000000E+00   # Real(ZUR(3,2),dp)
  3  3     1.00000000E+00   # Real(ZUR(3,3),dp)
DECAY   1000001     3.14564306E+01   # Sd_1
#    BR                NDA      ID1      ID2
     2.68205173E-01    2            6   -1000024   # BR(Sd_1 -> Fu_3 Cha_1 )
     1.03823990E-02    2            5    1000022   # BR(Sd_1 -> Fd_3 Chi_1 )
     1.39766263E-01    2            5    1000023   # BR(Sd_1 -> Fd_3 Chi_2 )
     5.81562677E-01    2      1000002        -24   # BR(Sd_1 -> Su_1 VWm )
DECAY   1000003     5.21080689E+00   # Sd_2
#    BR                NDA      ID1      ID2
     5.70828109E-02    2            6   -1000024   # BR(Sd_2 -> Fu_3 Cha_1 )
     3.62967088E-02    2            6   -1000037   # BR(Sd_2 -> Fu_3 Cha_2 )
     1.89815818E-01    2            5    1000022   # BR(Sd_2 -> Fd_3 Chi_1 )
     2.96969711E-02    2            5    1000023   # BR(Sd_2 -> Fd_3 Chi_2 )
     2.55017271E-02    2            5    1000025   # BR(Sd_2 -> Fd_3 Chi_3 )
     2.61221166E-02    2            5    1000035   # BR(Sd_2 -> Fd_3 Chi_4 )
     7.41510216E-02    2      1000001         25   # BR(Sd_2 -> Sd_1 hh_1 )
     6.42908784E-02    2      1000001         23   # BR(Sd_2 -> Sd_1 VZ )
     4.53916123E-01    2      1000002        -24   # BR(Sd_2 -> Su_1 VWm )
     4.31258246E-02    2      1000004        -24   # BR(Sd_2 -> Su_2 VWm )
DECAY   1000005     1.27471541E+00   # Sd_3
#    BR                NDA      ID1      ID2
     8.51858680E-04    2            4   -1000024   # BR(Sd_3 -> Fu_2 Cha_1 )
     4.12037063E-04    2            4   -1000037   # BR(Sd_3 -> Fu_2 Cha_2 )
     9.97762717E-01    2            3    1000022   # BR(Sd_3 -> Fd_2 Chi_1 )
     4.33503379E-04    2            3    1000023   # BR(Sd_3 -> Fd_2 Chi_2 )
     2.47146337E-04    2            3    1000025   # BR(Sd_3 -> Fd_2 Chi_3 )
     2.92737200E-04    2            3    1000035   # BR(Sd_3 -> Fd_2 Chi_4 )
DECAY   2000001     1.27212450E+00   # Sd_4
#    BR                NDA      ID1      ID2
     9.99876464E-01    2            1    1000022   # BR(Sd_4 -> Fd_1 Chi_1 )
DECAY   2000003     2.26731382E+01   # Sd_5
#    BR                NDA      ID1      ID2
     6.54483109E-01    2            4   -1000024   # BR(Sd_5 -> Fu_2 Cha_1 )
     9.43152418E-04    2            4   -1000037   # BR(Sd_5 -> Fu_2 Cha_2 )
     1.48604041E-02    2            3    1000022   # BR(Sd_5 -> Fd_2 Chi_1 )
     3.27628354E-01    2            3    1000023   # BR(Sd_5 -> Fd_2 Chi_2 )
     3.21839019E-04    2            3    1000035   # BR(Sd_5 -> Fd_2 Chi_4 )
     1.70923845E-03    2      1000021          3   # BR(Sd_5 -> Glu Fd_2 )
DECAY   2000005     2.26752061E+01   # Sd_6
#    BR                NDA      ID1      ID2
     6.54504681E-01    2            2   -1000024   # BR(Sd_6 -> Fu_1 Cha_1 )
     9.35555789E-04    2            2   -1000037   # BR(Sd_6 -> Fu_1 Cha_2 )
     1.48587078E-02    2            1    1000022   # BR(Sd_6 -> Fd_1 Chi_1 )
     3.27638470E-01    2            1    1000023   # BR(Sd_6 -> Fd_1 Chi_2 )
     3.04419265E-04    2            1    1000035   # BR(Sd_6 -> Fd_1 Chi_4 )
     1.72107635E-03    2      1000021          1   # BR(Sd_6 -> Glu Fd_1 )
DECAY   1000002     3.08191177E+00   # Su_1
#    BR                NDA      ID1      ID2
     7.98350770E-01    2            6    1000022   # BR(Su_1 -> Fu_3 Chi_1 )
     6.27846836E-02    2            6    1000023   # BR(Su_1 -> Fu_3 Chi_2 )
     1.38864547E-01    2      1000024          5   # BR(Su_1 -> Cha_1^* Fd_3 )
DECAY   1000004     3.43562946E+01   # Su_2
#    BR                NDA      ID1      ID2
     1.29172075E-02    2            6    1000022   # BR(Su_2 -> Fu_3 Chi_1 )
     1.20320767E-01    2            6    1000023   # BR(Su_2 -> Fu_3 Chi_2 )
     2.50080297E-01    2      1000024          5   # BR(Su_2 -> Cha_1^* Fd_3 )
     1.05364339E-03    2      1000037          5   # BR(Su_2 -> Cha_2^* Fd_3 )
     2.73552344E-01    2      1000002         25   # BR(Su_2 -> Su_1 hh_1 )
     3.42075741E-01    2      1000002         23   # BR(Su_2 -> Su_1 VZ )
DECAY   1000006     5.11028595E+00   # Su_3
#    BR                NDA      ID1      ID2
     9.99613876E-01    2            4    1000022   # BR(Su_3 -> Fu_2 Chi_1 )
     1.55504964E-04    2      1000024          3   # BR(Su_3 -> Cha_1^* Fd_2 )
DECAY   2000002     5.10923652E+00   # Su_4
#    BR                NDA      ID1      ID2
     9.99878814E-01    2            2    1000022   # BR(Su_4 -> Fu_1 Chi_1 )
DECAY   2000004     2.27087215E+01   # Su_5
#    BR                NDA      ID1      ID2
     1.43691719E-02    2            4    1000022   # BR(Su_5 -> Fu_2 Chi_1 )
     3.27664279E-01    2            4    1000023   # BR(Su_5 -> Fu_2 Chi_2 )
     2.26225251E-04    2            4    1000035   # BR(Su_5 -> Fu_2 Chi_4 )
     6.55915251E-01    2      1000024          3   # BR(Su_5 -> Cha_1^* Fd_2 )
     2.70152001E-04    2      1000037          3   # BR(Su_5 -> Cha_2^* Fd_2 )
     1.53013667E-03    2      1000021          4   # BR(Su_5 -> Glu Fu_2 )
DECAY   2000006     2.27102794E+01   # Su_6
#    BR                NDA      ID1      ID2
     1.43574163E-02    2            2    1000022   # BR(Su_6 -> Fu_1 Chi_1 )
     3.27676046E-01    2            2    1000023   # BR(Su_6 -> Fu_1 Chi_2 )
     2.23321522E-04    2            2    1000035   # BR(Su_6 -> Fu_1 Chi_4 )
     6.55937525E-01    2      1000024          1   # BR(Su_6 -> Cha_1^* Fd_1 )
     2.37498329E-04    2      1000037          1   # BR(Su_6 -> Cha_2^* Fd_1 )
     1.54609048E-03    2      1000021          2   # BR(Su_6 -> Glu Fu_1 )
DECAY   1000013     1.15967958E+01   # Se_2
#    BR                NDA      ID1      ID2
     8.77735870E-02    2           16   -1000024   # BR(Se_2 -> Fv_3 Cha_1 )
     8.78942986E-02    2           15    1000022   # BR(Se_2 -> Fe_3 Chi_1 )
     4.42875509E-02    2           15    1000023   # BR(Se_2 -> Fe_3 Chi_2 )
     3.92704892E-01    2      1000011         25   # BR(Se_2 -> Se_1 hh_1 )
     3.87339672E-01    2      1000011         23   # BR(Se_2 -> Se_1 VZ )
DECAY   1000015     4.61120261E+00   # Se_3
#    BR                NDA      ID1      ID2
     3.01769317E-04    2           14   -1000024   # BR(Se_3 -> Fv_2 Cha_1 )
     9.99543945E-01    2           13    1000022   # BR(Se_3 -> Fe_2 Chi_1 )
     1.54285705E-04    2           13    1000023   # BR(Se_3 -> Fe_2 Chi_2 )
DECAY   2000011     4.62484883E+00   # Se_4
#    BR                NDA      ID1      ID2
     9.99997229E-01    2           11    1000022   # BR(Se_4 -> Fe_1 Chi_1 )
DECAY   2000013     6.50478574E+00   # Se_5
#    BR                NDA      ID1      ID2
     5.24866489E-01    2           14   -1000024   # BR(Se_5 -> Fv_2 Cha_1 )
     2.10521968E-01    2           13    1000022   # BR(Se_5 -> Fe_2 Chi_1 )
     2.64107827E-01    2           13    1000023   # BR(Se_5 -> Fe_2 Chi_2 )
     2.81687995E-04    2      1000015         25   # BR(Se_5 -> Se_3 hh_1 )
     2.22028411E-04    2      1000015         23   # BR(Se_5 -> Se_3 VZ )
DECAY   2000015     6.51787803E+00   # Se_6
#    BR                NDA      ID1      ID2
     5.25559347E-01    2           12   -1000024   # BR(Se_6 -> Fv_1 Cha_1 )
     2.09987035E-01    2           11    1000022   # BR(Se_6 -> Fe_1 Chi_1 )
     2.64453607E-01    2           11    1000023   # BR(Se_6 -> Fe_1 Chi_2 )
DECAY   1000012     1.09791826E+01   # Sv_1
#    BR                NDA      ID1      ID2
     8.79197826E-02    2           16    1000022   # BR(Sv_1 -> Fv_3 Chi_1 )
     4.36060567E-02    2           16    1000023   # BR(Sv_1 -> Fv_3 Chi_2 )
     8.77387883E-02    2      1000024         15   # BR(Sv_1 -> Cha_1^* Fe_3 )
     7.80735372E-01    2      1000011         24   # BR(Sv_1 -> Se_1 VWm^* )
DECAY   1000014     6.47816336E+00   # Sv_2
#    BR                NDA      ID1      ID2
     2.12703766E-01    2           14    1000022   # BR(Sv_2 -> Fv_2 Chi_1 )
     2.61360711E-01    2           14    1000023   # BR(Sv_2 -> Fv_2 Chi_2 )
     5.25434675E-01    2      1000024         13   # BR(Sv_2 -> Cha_1^* Fe_2 )
     5.00848686E-04    2      1000015         24   # BR(Sv_2 -> Se_3 VWm^* )
DECAY   1000016     6.49113321E+00   # Sv_3
#    BR                NDA      ID1      ID2
     2.12506907E-01    2           12    1000022   # BR(Sv_3 -> Fv_1 Chi_1 )
     2.61593653E-01    2           12    1000023   # BR(Sv_3 -> Fv_1 Chi_2 )
     5.25899429E-01    2      1000024         11   # BR(Sv_3 -> Cha_1^* Fe_1 )
DECAY        25     3.59518853E-03   # hh_1
#    BR                NDA      ID1      ID2
     2.23426248E-03    2           22         22   # BR(hh_1 -> VP VP )
     9.81147228E-02    2           21         21   # BR(hh_1 -> VG VG )
     1.18021639E-02    2           23         23   # BR(hh_1 -> VZ VZ )
     1.28309583E-01    2           24        -24   # BR(hh_1 -> VWm^* VWm_virt )
     2.44708948E-04    2           -3          3   # BR(hh_1 -> Fd_2^* Fd_2 )
     6.55277010E-01    2           -5          5   # BR(hh_1 -> Fd_3^* Fd_3 )
     2.61570947E-04    2          -13         13   # BR(hh_1 -> Fe_2^* Fe_2 )
     7.54948759E-02    2          -15         15   # BR(hh_1 -> Fe_3^* Fe_3 )
     2.82602970E-02    2           -4          4   # BR(hh_1 -> Fu_2^* Fu_2 )
DECAY        35     2.91033490E+01   # hh_2
#    BR                NDA      ID1      ID2
     3.13640154E-04    2           -3          3   # BR(hh_2 -> Fd_2^* Fd_2 )
     7.73558681E-01    2           -5          5   # BR(hh_2 -> Fd_3^* Fd_3 )
     6.98358903E-04    2          -13         13   # BR(hh_2 -> Fe_2^* Fe_2 )
     1.94734397E-01    2          -15         15   # BR(hh_2 -> Fe_3^* Fe_3 )
     1.68717173E-03    2           -6          6   # BR(hh_2 -> Fu_3^* Fu_3 )
     1.34459771E-02    2     -1000011    1000011   # BR(hh_2 -> Se_1^* Se_1 )
     7.69578881E-03    2     -1000011    1000013   # BR(hh_2 -> Se_1^* Se_2 )
     7.69578881E-03    2     -1000013    1000011   # BR(hh_2 -> Se_2^* Se_1 )
DECAY        36     2.87446500E+01   # Ah_2
#    BR                NDA      ID1      ID2
     3.24569796E-04    2      1000022    1000023   # BR(Ah_2 -> Chi_1 Chi_2 )
     3.17544865E-04    2           -3          3   # BR(Ah_2 -> Fd_2^* Fd_2 )
     7.83190259E-01    2           -5          5   # BR(Ah_2 -> Fd_3^* Fd_3 )
     7.07053246E-04    2          -13         13   # BR(Ah_2 -> Fe_2^* Fe_2 )
     1.97159737E-01    2          -15         15   # BR(Ah_2 -> Fe_3^* Fe_3 )
     1.74643603E-03    2           -6          6   # BR(Ah_2 -> Fu_3^* Fu_3 )
     8.22883628E-03    2     -1000011    1000013   # BR(Ah_2 -> Se_1^* Se_2 )
     8.22883628E-03    2     -1000013    1000011   # BR(Ah_2 -> Se_2^* Se_1 )
DECAY        37     2.68009747E+01   # Hpm_2
#    BR                NDA      ID1      ID2
     4.40057385E-04    2      1000022    1000024   # BR(Hpm_2^* -> Chi_1 Cha_1^* )
     3.00204871E-04    2            4         -3   # BR(Hpm_2^* -> Fu_2 Fd_2^* )
     7.24960101E-01    2            6         -5   # BR(Hpm_2^* -> Fu_3 Fd_3^* )
     7.59513869E-04    2           14        -13   # BR(Hpm_2^* -> Fv_2 Fe_2^* )
     2.11788231E-01    2           16        -15   # BR(Hpm_2^* -> Fv_3 Fe_3^* )
     6.17498045E-02    2      1000012   -1000011   # BR(Hpm_2^* -> Sv_1 Se_1^* )
DECAY   1000021     4.19007153E+01   # Glu
#    BR                NDA      ID1      ID2
     1.82103136E-03    2            1   -2000001   # BR(Glu -> Fd_1 Sd_4^* )
     1.82103136E-03    2           -1    2000001   # BR(Glu -> Fd_1^* Sd_4 )
     1.82879872E-03    2            3   -1000005   # BR(Glu -> Fd_2 Sd_3^* )
     1.82879872E-03    2           -3    1000005   # BR(Glu -> Fd_2^* Sd_3 )
     1.02395679E-01    2            5   -1000001   # BR(Glu -> Fd_3 Sd_1^* )
     1.02395679E-01    2           -5    1000001   # BR(Glu -> Fd_3^* Sd_1 )
     5.33382851E-02    2            5   -1000003   # BR(Glu -> Fd_3 Sd_2^* )
     5.33382851E-02    2           -5    1000003   # BR(Glu -> Fd_3^* Sd_2 )
     1.39961362E-03    2            2   -2000002   # BR(Glu -> Fu_1 Su_4^* )
     1.39961362E-03    2           -2    2000002   # BR(Glu -> Fu_1^* Su_4 )
     1.39989574E-03    2            4   -1000006   # BR(Glu -> Fu_2 Su_3^* )
     1.39989574E-03    2           -4    1000006   # BR(Glu -> Fu_2^* Su_3 )
     2.33635628E-01    2            6   -1000002   # BR(Glu -> Fu_3 Su_1^* )
     2.33635628E-01    2           -6    1000002   # BR(Glu -> Fu_3^* Su_1 )
     1.01370701E-01    2            6   -1000004   # BR(Glu -> Fu_3 Su_2^* )
     1.01370701E-01    2           -6    1000004   # BR(Glu -> Fu_3^* Su_2 )
#    BR                NDA      ID1      ID2       ID3
     4.43788501E-04    3            1         -1    1000023   # BR(Glu -> Fd_1 Fd_1^* Chi_2 )
     4.43996027E-04    3            3         -3    1000023   # BR(Glu -> Fd_2 Fd_2^* Chi_2 )
     8.92129665E-04    3            1         -2    1000024   # BR(Glu -> Fd_1 Fu_1^* Cha_1^* )
     8.92129665E-04    3           -1          2   -1000024   # BR(Glu -> Fd_1^* Fu_1 Cha_1 )
     8.92562903E-04    3            3         -4    1000024   # BR(Glu -> Fd_2 Fu_2^* Cha_1^* )
     8.92562903E-04    3           -3          4   -1000024   # BR(Glu -> Fd_2^* Fu_2 Cha_1 )
     4.48538732E-04    3            2         -2    1000023   # BR(Glu -> Fu_1 Fu_1^* Chi_2 )
     4.48764509E-04    3            4         -4    1000023   # BR(Glu -> Fu_2 Fu_2^* Chi_2 )
DECAY   1000023     7.01051161E-02   # Chi_2
#    BR                NDA      ID1      ID2
     2.47448987E-02    2      1000022         25   # BR(Chi_2 -> Chi_1 hh_1 )
     1.98467156E-03    2      1000022         23   # BR(Chi_2 -> Chi_1 VZ )
     4.85478539E-01    2           15   -1000011   # BR(Chi_2 -> Fe_3 Se_1^* )
     4.85478539E-01    2          -15    1000011   # BR(Chi_2 -> Fe_3^* Se_1 )
#    BR                NDA      ID1      ID2       ID3
     1.26035288E-04    3      1000022        -11         11   # BR(Chi_2 -> Chi_1 Fe_1^* Fe_1 )
     1.26617456E-04    3      1000022        -13         13   # BR(Chi_2 -> Chi_1 Fe_2^* Fe_2 )
     1.31159975E-03    3      1000022        -15         15   # BR(Chi_2 -> Chi_1 Fe_3^* Fe_3 )
     1.27816444E-04    3      1000022        -12         12   # BR(Chi_2 -> Chi_1 Fv_1^* Fv_1 )
     1.28305082E-04    3      1000022        -14         14   # BR(Chi_2 -> Chi_1 Fv_2^* Fv_2 )
     4.63701141E-04    3      1000022        -16         16   # BR(Chi_2 -> Chi_1 Fv_3^* Fv_3 )
DECAY   1000025     2.05861093E+01   # Chi_3
#    BR                NDA      ID1      ID2
     1.66257236E-01    2     -1000024         24   # BR(Chi_3 -> Cha_1 VWm^* )
     1.66257236E-01    2      1000024        -24   # BR(Chi_3 -> Cha_1^* VWm )
     1.45024033E-02    2      1000022         25   # BR(Chi_3 -> Chi_1 hh_1 )
     1.71207746E-02    2      1000023         25   # BR(Chi_3 -> Chi_2 hh_1 )
     4.58859877E-02    2      1000022         23   # BR(Chi_3 -> Chi_1 VZ )
     1.51198479E-01    2      1000023         23   # BR(Chi_3 -> Chi_2 VZ )
     1.03596546E-04    2           13   -1000015   # BR(Chi_3 -> Fe_2 Se_3^* )
     1.03596546E-04    2          -13    1000015   # BR(Chi_3 -> Fe_2^* Se_3 )
     7.03201321E-05    2           13   -2000013   # BR(Chi_3 -> Fe_2 Se_5^* )
     7.03201321E-05    2          -13    2000013   # BR(Chi_3 -> Fe_2^* Se_5 )
     6.95825117E-02    2           15   -1000011   # BR(Chi_3 -> Fe_3 Se_1^* )
     6.95825117E-02    2          -15    1000011   # BR(Chi_3 -> Fe_3^* Se_1 )
     3.34571352E-02    2           15   -1000013   # BR(Chi_3 -> Fe_3 Se_2^* )
     3.34571352E-02    2          -15    1000013   # BR(Chi_3 -> Fe_3^* Se_2 )
     1.10624583E-01    2            6   -1000002   # BR(Chi_3 -> Fu_3 Su_1^* )
     1.10624583E-01    2           -6    1000002   # BR(Chi_3 -> Fu_3^* Su_1 )
     5.42820626E-05    2           16   -1000012   # BR(Chi_3 -> Fv_3 Sv_1^* )
     5.42820626E-05    2          -16    1000012   # BR(Chi_3 -> Fv_3^* Sv_1 )
#    BR                NDA      ID1      ID2       ID3
     1.40010721E-04    3      1000022         -5          5   # BR(Chi_3 -> Chi_1 Fd_3^* Fd_3 )
     1.75215824E-04    3      1000023         -5          5   # BR(Chi_3 -> Chi_2 Fd_3^* Fd_3 )
     3.01632707E-04    3      1000022        -15         15   # BR(Chi_3 -> Chi_1 Fe_3^* Fe_3 )
     1.20079421E-03    3      1000022         -6          6   # BR(Chi_3 -> Chi_1 Fu_3^* Fu_3 )
     2.08749878E-03    3      1000023         -6          6   # BR(Chi_3 -> Chi_2 Fu_3^* Fu_3 )
     3.45536987E-03    3     -1000024         -5          6   # BR(Chi_3 -> Cha_1 Fd_3^* Fu_3 )
     3.45536987E-03    3      1000024          5         -6   # BR(Chi_3 -> Cha_1^* Fd_3 Fu_3^* )
DECAY   1000035     2.30941642E+01   # Chi_4
#    BR                NDA      ID1      ID2
     1.45413229E-01    2     -1000024         24   # BR(Chi_4 -> Cha_1 VWm^* )
     1.45413229E-01    2      1000024        -24   # BR(Chi_4 -> Cha_1^* VWm )
     4.07240713E-02    2      1000022         25   # BR(Chi_4 -> Chi_1 hh_1 )
     1.42080394E-01    2      1000023         25   # BR(Chi_4 -> Chi_2 hh_1 )
     1.26158195E-02    2      1000022         23   # BR(Chi_4 -> Chi_1 VZ )
     1.51195715E-02    2      1000023         23   # BR(Chi_4 -> Chi_2 VZ )
     7.07731207E-05    2           11   -2000015   # BR(Chi_4 -> Fe_1 Se_6^* )
     7.07731207E-05    2          -11    2000015   # BR(Chi_4 -> Fe_1^* Se_6 )
     1.13661593E-04    2           13   -1000015   # BR(Chi_4 -> Fe_2 Se_3^* )
     1.13661593E-04    2          -13    1000015   # BR(Chi_4 -> Fe_2^* Se_3 )
     1.31567476E-04    2           13   -2000013   # BR(Chi_4 -> Fe_2 Se_5^* )
     1.31567476E-04    2          -13    2000013   # BR(Chi_4 -> Fe_2^* Se_5 )
     6.08146852E-02    2           15   -1000011   # BR(Chi_4 -> Fe_3 Se_1^* )
     6.08146852E-02    2          -15    1000011   # BR(Chi_4 -> Fe_3^* Se_1 )
     3.03819545E-02    2           15   -1000013   # BR(Chi_4 -> Fe_3 Se_2^* )
     3.03819545E-02    2          -15    1000013   # BR(Chi_4 -> Fe_3^* Se_2 )
     1.52553010E-01    2            6   -1000002   # BR(Chi_4 -> Fu_3 Su_1^* )
     1.52553010E-01    2           -6    1000002   # BR(Chi_4 -> Fu_3^* Su_1 )
     1.81040888E-04    2           12   -1000016   # BR(Chi_4 -> Fv_1 Sv_3^* )
     1.81040888E-04    2          -12    1000016   # BR(Chi_4 -> Fv_1^* Sv_3 )
     1.81606103E-04    2           14   -1000014   # BR(Chi_4 -> Fv_2 Sv_2^* )
     1.81606103E-04    2          -14    1000014   # BR(Chi_4 -> Fv_2^* Sv_2 )
     3.47330488E-04    2           16   -1000012   # BR(Chi_4 -> Fv_3 Sv_1^* )
     3.47330488E-04    2          -16    1000012   # BR(Chi_4 -> Fv_3^* Sv_1 )
#    BR                NDA      ID1      ID2       ID3
     1.25038796E-04    3      1000022         -5          5   # BR(Chi_4 -> Chi_1 Fd_3^* Fd_3 )
     1.58563194E-04    3      1000023         -5          5   # BR(Chi_4 -> Chi_2 Fd_3^* Fd_3 )
     2.65576209E-04    3      1000022        -15         15   # BR(Chi_4 -> Chi_1 Fe_3^* Fe_3 )
     8.61170453E-04    3      1000022         -6          6   # BR(Chi_4 -> Chi_1 Fu_3^* Fu_3 )
     1.14863340E-03    3      1000023         -6          6   # BR(Chi_4 -> Chi_2 Fu_3^* Fu_3 )
     3.21204294E-03    3     -1000024         -5          6   # BR(Chi_4 -> Cha_1 Fd_3^* Fu_3 )
     3.21204294E-03    3      1000024          5         -6   # BR(Chi_4 -> Cha_1^* Fd_3 Fu_3^* )
DECAY   1000024     7.00948426E-02   # Cha_1
#    BR                NDA      ID1      ID2
     2.84902504E-02    2      1000022         24   # BR(Cha_1^* -> Chi_1 VWm^* )
     9.69067046E-01    2           16   -1000011   # BR(Cha_1^* -> Fv_3 Se_1^* )
#    BR                NDA      ID1      ID2       ID3
     1.52981068E-04    3      1000022          6         -5   # BR(Cha_1^* -> Chi_1 Fu_3 Fd_3^* )
     2.54344785E-04    3      1000022         12        -11   # BR(Cha_1^* -> Chi_1 Fv_1 Fe_1^* )
     2.55417969E-04    3      1000022         14        -13   # BR(Cha_1^* -> Chi_1 Fv_2 Fe_2^* )
     1.76988635E-03    3      1000022         16        -15   # BR(Cha_1^* -> Chi_1 Fv_3 Fe_3^* )
DECAY   1000037     2.22700579E+01   # Cha_2
#    BR                NDA      ID1      ID2
     1.63588075E-01    2      1000024         25   # BR(Cha_2^* -> Cha_1^* hh_1 )
     1.57595907E-01    2      1000024         23   # BR(Cha_2^* -> Cha_1^* VZ )
     5.33647973E-02    2      1000022         24   # BR(Cha_2^* -> Chi_1 VWm^* )
     1.55834131E-01    2      1000023         24   # BR(Cha_2^* -> Chi_2 VWm^* )
     2.69577028E-01    2           -5    1000002   # BR(Cha_2^* -> Fd_3^* Su_1 )
     1.13546063E-04    2          -11    1000016   # BR(Cha_2^* -> Fe_1^* Sv_3 )
     2.31293809E-04    2          -13    1000014   # BR(Cha_2^* -> Fe_2^* Sv_2 )
     6.27530867E-02    2          -15    1000012   # BR(Cha_2^* -> Fe_3^* Sv_1 )
     4.41670062E-04    2           12   -2000015   # BR(Cha_2^* -> Fv_1 Se_6^* )
     1.57950748E-04    2           14   -1000015   # BR(Cha_2^* -> Fv_2 Se_3^* )
     4.53340652E-04    2           14   -2000013   # BR(Cha_2^* -> Fv_2 Se_5^* )
     1.23195572E-01    2           16   -1000011   # BR(Cha_2^* -> Fv_3 Se_1^* )
     3.90490806E-03    2           16   -1000013   # BR(Cha_2^* -> Fv_3 Se_2^* )
#    BR                NDA      ID1      ID2       ID3
     2.70643230E-04    3      1000024          5         -5   # BR(Cha_2^* -> Cha_1^* Fd_3 Fd_3^* )
     3.17598796E-03    3      1000024          6         -6   # BR(Cha_2^* -> Cha_1^* Fu_3 Fu_3^* )
     1.72339469E-03    3      1000022          6         -5   # BR(Cha_2^* -> Chi_1 Fu_3 Fd_3^* )
     3.32431335E-03    3      1000023          6         -5   # BR(Cha_2^* -> Chi_2 Fu_3 Fd_3^* )
     2.67104622E-04    3      1000022         16        -15   # BR(Cha_2^* -> Chi_1 Fv_3 Fe_3^* )
DECAY         6     1.54741997E+00   # Fu_3
#    BR                NDA      ID1      ID2
     1.00000000E+00    2            5         24   # BR(Fu_3 -> Fd_3 VWm^* )
Block HiggsLHC7 # Higgs production cross section at LHC7 [pb] 
  1        25        1.66667210E+01 # Gluon fusion 
  2        25        1.26829700E+00 # Vector boson fusion 
  3        25        6.30234136E-01 # W-H production 
  4        25        3.60543559E-01 # Z-H production 
  5        25        9.74684079E-02 # t-t-H production 
Block HiggsLHC8 # Higgs production cross section at LHC8 [pb] 
  1        25        2.10789368E+01 # Gluon fusion 
  2        25        1.63163708E+00 # Vector boson fusion 
  3        25        7.96442235E-01 # W-H production 
  4        25        4.49650476E-01 # Z-H production 
  5        25        1.47151042E-01 # t-t-H production 
 Block HiggsBoundsInputHiggsCouplingsFermions # 
    1.09435628E+00    0.00000000E+00        3             25         5         5 # h_1 b b coupling 
    1.09435628E+00    0.00000000E+00        3             25         3         3 # h_1 s s coupling 
    9.99943688E-01    0.00000000E+00        3             25         6         6 # h_1 t t coupling  
    9.99943688E-01    0.00000000E+00        3             25         4         4 # h_1 c c coupling 
    1.09435628E+00    0.00000000E+00        3             25        15        15 # h_1 tau tau coupling 
    1.09435628E+00    0.00000000E+00        3             25        13        13 # h_1 mu mu coupling  
    1.61275378E+03    0.00000000E+00        3             35         5         5 # h_2 b b coupling 
    1.61275378E+03    0.00000000E+00        3             35         3         3 # h_2 s s coupling 
    6.53130503E-04    0.00000000E+00        3             35         6         6 # h_2 t t coupling  
    6.53130503E-04    0.00000000E+00        3             35         4         4 # h_2 c c coupling 
    1.61275378E+03    0.00000000E+00        3             35        15        15 # h_2 tau tau coupling 
    1.61275378E+03    0.00000000E+00        3             35        13        13 # h_2 mu mu coupling  
    0.00000000E+00    6.45105190E+03        3             36         5         5 # A_2 b b coupling 
    0.00000000E+00    6.45105190E+03        3             36         3         3 # A_2 s s coupling 
    0.00000000E+00    2.58970781E-03        3             36         6         6 # A_2 t t coupling 
    0.00000000E+00    2.58970781E-03        3             36         4         4 # A_2 c c coupling 
    0.00000000E+00    6.45105190E+03        3             36        15        15 # A_2 tau tau coupling 
    0.00000000E+00    6.45105190E+03        3             36        13        13 # A_2 mu mu coupling 
 Block HiggsBoundsInputHiggsCouplingsBosons # 
    9.99998731E-01        3             25        24        24 # h_1 W W coupling 
    9.99998731E-01        3             25        23        23 # h_1 Z Z coupling  
    0.00000000E+00        3             25        23        22 # h_1 Z gamma coupling 
    1.01022640E+00        3             25        22        22 # h_1 gamma gamma coupling 
    9.95909836E-01        3             25        21        21 # h_1 g g coupling 
    0.00000000E+00        4             25        21        21        23 # h_1 g g Z coupling 
    4.30181922E-07        3             35        24        24 # h_2 W W coupling 
    4.30181922E-07        3             35        23        23 # h_2 Z Z coupling  
    0.00000000E+00        3             35        23        22 # h_2 Z gamma coupling 
    7.65918498E-04        3             35        22        22 # h_2 gamma gamma coupling 
    2.27192416E-03        3             35        21        21 # h_2 g g coupling 
    0.00000000E+00        4             35        21        21        23 # h_2 g g Z coupling 
    0.00000000E+00        3             36        24        24 # A_2 W W coupling 
    0.00000000E+00        3             36        23        23 # A_2 Z Z coupling 
    0.00000000E+00        3             36        23        22 # A_2 Z gamma coupling 
    2.26806738E-02        3             36        22        22 # A_2 gamma gamma coupling 
    7.61343939E-03        3             36        21        21 # A_2 g g coupling 
    0.00000000E+00        4             36        21        21        23 # A_2 g g Z coupling 
    0.00000000E+00        3             25        25        23 # h_1 h_1 Z coupling  
    0.00000000E+00        3             25        35        23 # h_1 h_2 Z coupling  
    1.41895206E-08        3             25        36        23 # h_1 A_2 Z coupling 
    0.00000000E+00        3             35        25        23 # h_2 h_1 Z coupling  
    0.00000000E+00        3             35        35        23 # h_2 h_2 Z coupling  
    1.13454420E+00        3             35        36        23 # h_2 A_2 Z coupling 
    0.00000000E+00        3             36        36        23 # A_2 A_2 Z coupling 
Block EFFHIGGSCOUPLINGS # values of loop-induced couplings 
        25           22           22     0.30581573E-04 # H-Photon-Photon 
        25           21           21     0.59136890E-04 # H-Gluon-Gluon 
        25           22           23     0.00000000E+00 # H-Photon-Z (not yet calculated by SPheno) 
        35           22           22     0.24144649E-06 # H-Photon-Photon 
        35           21           21     0.10335773E-05 # H-Gluon-Gluon 
        35           22           23     0.00000000E+00 # H-Photon-Z (not yet calculated by SPheno) 
        36           22           22     0.13834943E-06 # A-Photon-Photon 
        36           21           21     0.18392834E-05 # A-Gluon-Gluon 
        36           22           23     0.00000000E+00 # A-Photon-Z (not yet calculated by SPheno) 
Block SPhenoLowEnergy # low energy observables 
    1    3.04887713E-04  # BRBtoSGamma
   20    6.67965033E-15  # ae
   21    2.92204847E-10  # amu
   22    1.58801977E-07  # atau
   23    0.00000000E+00  # EDMe
   24    0.00000000E+00  # EDMmu
   25    0.00000000E+00  # EDMtau
   26    1.89164186E-34  # BRMuEgamma
   27    5.44920257E-68  # BRTauEgamma
   28    1.01528646E-37  # BRTauMugamma
   29    1.15906142E-36  # BrMu3e
   30    5.71206134E-70  # BrTau3e
   31    2.26022575E-40  # BrTau3mu
   39    1.21130509E-03  # dRho
   40    7.19132190E-46  # BRZMuE
   41    1.21272193E-73  # BRZTauE
   42    1.97891465E-43  # BRZTauMu
   43    1.04313140E-13  # BRBsEE
   44    4.48442302E-09  # BRBsMuMu
   45    0.00000000E+00  # BRBsMuE
   46    3.41552698E-15  # BRBdEE
   47    1.46821065E-10  # BRBdMuMu
   48    3.07673949E-08  # BRBdTauTau
   81    5.16493609E-37  # MuEAl
   82    9.29666804E-37  # MuETi
   83    1.25819982E-36  # MuESr
   84    1.41556049E-36  # MuESb
   85    7.62606987E-37  # MuEAu
   86    7.17347410E-37  # MuEPb
   91    4.56800696E-67  # TauEPi0
   92    1.72609041E-64  # TauEEta
   93    2.13345121E-64  # TauEEtap
   94    7.68161521E-42  # TauMuPi0
   95    2.64276154E-39  # TauMuEta
   96    3.25553957E-39  # TauMuEtap
Block SPheno # SPheno internal parameters 
         1    -1.00000000E+00  # ErrorLevel
         2     1.00000000E+00  # SPA_conventions
        11     1.00000000E+00  # Branching ratios
        13     1.00000000E+00  # 3 Body decays
        31     1.48209811E+16  # GUT scale
        33     1.00000000E+03  # SUSY scale
        34     1.00000000E-04  # Precision
        35     4.00000000E+01  # Iterations
        38     2.00000000E+00  # RGE level
        40     7.29735308E-03  # Alpha
        41     2.49000000E+00  # Gamma_Z
        42     2.06000000E+00  # Gamma_W
        50     1.00000000E+00  # Rotate negative fermion masses
        51     0.00000000E+00  # Switch to SCKM matrix
        52     0.00000000E+00  # Ignore negative masses
        53     0.00000000E+00  # Ignore negative masses at MZ
        55     1.00000000E+00  # Calculate one loop masses
        56     0.00000000E+00  # Calculate two-loop Higgs masses
        57     1.00000000E+00  # Calculate low energy
        60     1.00000000E+00  # Include kinetic mixing
        65     1.00000000E+00  # Solution of tadpole equation
BLOCK VEVACIOUSRESULTS # results from Vevacious version 0.3.0, documented in [still unpublished]
    0   0    -1.00000000E+000    short-lived    # stability of input
    0   1    +4.14216143E-016    direct_path_bound    # tunneling time in Universe ages / calculation type
    1   0    -1.09122206E+008    relative_depth    # input potential energy density difference from all VEVs = 0.0
    1   1    +0.00000000E+000    vE3    # input VEV
    1   2    +0.00000000E+000    vL3    # input VEV
    1   3    +6.19344186E+000    vdR    # input VEV
    1   4    +2.41242513E+002    vuR    # input VEV
    2   0    -2.11285985E+013    relative_depth    # global minimum potential energy density difference from all VEVs = 0.0
    2   1    +5.55167696E+003    vE3    # global minimum VEV
    2   2    +5.11506230E+003    vL3    # global minimum VEV
    2   3    +4.13232929E+003    vdR    # global minimum VEV
    2   4    +5.24198604E+003    vuR    # global minimum VEV
