 sugra            1 .-iteration
 sugra            2 .-iteration
 sugra            3 .-iteration
 sugra            4 .-iteration
 Error in SubroutineChiThreeBodyDecay                       
 Error in SubroutineChaThreeBodyDecay                       
 Higgs mass outside range of cross section fit (associated W production):            2
 Higgs mass outside range of cross section fit (associated Z production):            2
 Higgs mass outside range of cross section fit (associated top production):            2
 Rot3: all three external masses zero !
 C0: cannot handle this case (p1,p2,p3 dependent, on threshold)
 Rot3: all three external masses zero !
 C0: cannot handle this case (p1,p2,p3 dependent, on threshold)
 Rot3: all three external masses zero !
 C0: cannot handle this case (p1,p2,p3 dependent, on threshold)
 Rot3: all three external masses zero !
 C0: cannot handle this case (p1,p2,p3 dependent, on threshold)
 Rot3: all three external masses zero !
 C0: cannot handle this case (p1,p2,p3 dependent, on threshold)
 Rot3: all three external masses zero !
 C0: cannot handle this case (p1,p2,p3 dependent, on threshold)
 Rot3: all three external masses zero !
 C0: cannot handle this case (p1,p2,p3 dependent, on threshold)
 Rot3: all three external masses zero !
 C0: cannot handle this case (p1,p2,p3 dependent, on threshold)
 Rot3: all three external masses zero !
 C0: cannot handle this case (p1,p2,p3 dependent, on threshold)
 Rot3: all three external masses zero !
 C0: cannot handle this case (p1,p2,p3 dependent, on threshold)
 Rot3: all three external masses zero !
 C0: cannot handle this case (p1,p2,p3 dependent, on threshold)
 Rot3: all three external masses zero !
 C0: cannot handle this case (p1,p2,p3 dependent, on threshold)
 Rot3: all three external masses zero !
 C0: cannot handle this case (p1,p2,p3 dependent, on threshold)
 Rot3: all three external masses zero !
 C0: cannot handle this case (p1,p2,p3 dependent, on threshold)
 Rot3: all three external masses zero !
 C0: cannot handle this case (p1,p2,p3 dependent, on threshold)
 Rot3: all three external masses zero !
 C0: cannot handle this case (p1,p2,p3 dependent, on threshold)
 Rot3: all three external masses zero !
 C0: cannot handle this case (p1,p2,p3 dependent, on threshold)
 Rot3: all three external masses zero !
 C0: cannot handle this case (p1,p2,p3 dependent, on threshold)
 Rot3: all three external masses zero !
 C0: cannot handle this case (p1,p2,p3 dependent, on threshold)
 Rot3: all three external masses zero !
 C0: cannot handle this case (p1,p2,p3 dependent, on threshold)
 Rot3: all three external masses zero !
 C0: cannot handle this case (p1,p2,p3 dependent, on threshold)
 Rot3: all three external masses zero !
 C0: cannot handle this case (p1,p2,p3 dependent, on threshold)
 Rot3: all three external masses zero !
 C0: cannot handle this case (p1,p2,p3 dependent, on threshold)
 Rot3: all three external masses zero !
 C0: cannot handle this case (p1,p2,p3 dependent, on threshold)
 Rot3: all three external masses zero !
 C0: cannot handle this case (p1,p2,p3 dependent, on threshold)
 Rot3: all three external masses zero !
 C0: cannot handle this case (p1,p2,p3 dependent, on threshold)
 Rot3: all three external masses zero !
 C0: cannot handle this case (p1,p2,p3 dependent, on threshold)
 Rot3: all three external masses zero !
 C0: cannot handle this case (p1,p2,p3 dependent, on threshold)
 Rot3: all three external masses zero !
 C0: cannot handle this case (p1,p2,p3 dependent, on threshold)
 Rot3: all three external masses zero !
 C0: cannot handle this case (p1,p2,p3 dependent, on threshold)
 Rot3: all three external masses zero !
 C0: cannot handle this case (p1,p2,p3 dependent, on threshold)
 Rot3: all three external masses zero !
 C0: cannot handle this case (p1,p2,p3 dependent, on threshold)
 Rot3: all three external masses zero !
 C0: cannot handle this case (p1,p2,p3 dependent, on threshold)
 Rot3: all three external masses zero !
 C0: cannot handle this case (p1,p2,p3 dependent, on threshold)
 Rot3: all three external masses zero !
 C0: cannot handle this case (p1,p2,p3 dependent, on threshold)
 Rot3: all three external masses zero !
 C0: cannot handle this case (p1,p2,p3 dependent, on threshold)
 Rot3: all three external masses zero !
 C0: cannot handle this case (p1,p2,p3 dependent, on threshold)
 Rot3: all three external masses zero !
 C0: cannot handle this case (p1,p2,p3 dependent, on threshold)
 Rot3: all three external masses zero !
 C0: cannot handle this case (p1,p2,p3 dependent, on threshold)
 Rot3: all three external masses zero !
 C0: cannot handle this case (p1,p2,p3 dependent, on threshold)
 Rot3: all three external masses zero !
 C0: cannot handle this case (p1,p2,p3 dependent, on threshold)
 Rot3: all three external masses zero !
 C0: cannot handle this case (p1,p2,p3 dependent, on threshold)
 Rot3: all three external masses zero !
 C0: cannot handle this case (p1,p2,p3 dependent, on threshold)
 Rot3: all three external masses zero !
 C0: cannot handle this case (p1,p2,p3 dependent, on threshold)
 Rot3: all three external masses zero !
 C0: cannot handle this case (p1,p2,p3 dependent, on threshold)
 Rot3: all three external masses zero !
 C0: cannot handle this case (p1,p2,p3 dependent, on threshold)
 Rot3: all three external masses zero !
 C0: cannot handle this case (p1,p2,p3 dependent, on threshold)
 Rot3: all three external masses zero !
 C0: cannot handle this case (p1,p2,p3 dependent, on threshold)
 Rot3: all three external masses zero !
 C0: cannot handle this case (p1,p2,p3 dependent, on threshold)
 Rot3: all three external masses zero !
 C0: cannot handle this case (p1,p2,p3 dependent, on threshold)
 Rot3: all three external masses zero !
 C0: cannot handle this case (p1,p2,p3 dependent, on threshold)
 Rot3: all three external masses zero !
 C0: cannot handle this case (p1,p2,p3 dependent, on threshold)
 Rot3: all three external masses zero !
 C0: cannot handle this case (p1,p2,p3 dependent, on threshold)
 Rot3: all three external masses zero !
 C0: cannot handle this case (p1,p2,p3 dependent, on threshold)
 Rot3: all three external masses zero !
 C0: cannot handle this case (p1,p2,p3 dependent, on threshold)
 Rot3: all three external masses zero !
 C0: cannot handle this case (p1,p2,p3 dependent, on threshold)
 Rot3: all three external masses zero !
 C0: cannot handle this case (p1,p2,p3 dependent, on threshold)
 Rot3: all three external masses zero !
 C0: cannot handle this case (p1,p2,p3 dependent, on threshold)
 Rot3: all three external masses zero !
 C0: cannot handle this case (p1,p2,p3 dependent, on threshold)
 Rot3: all three external masses zero !
 C0: cannot handle this case (p1,p2,p3 dependent, on threshold)
 Rot3: all three external masses zero !
 C0: cannot handle this case (p1,p2,p3 dependent, on threshold)
 Rot3: all three external masses zero !
 C0: cannot handle this case (p1,p2,p3 dependent, on threshold)
 Rot3: all three external masses zero !
 C0: cannot handle this case (p1,p2,p3 dependent, on threshold)
 Rot3: all three external masses zero !
 C0: cannot handle this case (p1,p2,p3 dependent, on threshold)
 Rot3: all three external masses zero !
 C0: cannot handle this case (p1,p2,p3 dependent, on threshold)
 Rot3: all three external masses zero !
 C0: cannot handle this case (p1,p2,p3 dependent, on threshold)
 Rot3: all three external masses zero !
 C0: cannot handle this case (p1,p2,p3 dependent, on threshold)
 Rot3: all three external masses zero !
 C0: cannot handle this case (p1,p2,p3 dependent, on threshold)
 Rot3: all three external masses zero !
 C0: cannot handle this case (p1,p2,p3 dependent, on threshold)
 Rot3: all three external masses zero !
 C0: cannot handle this case (p1,p2,p3 dependent, on threshold)
 Rot3: all three external masses zero !
 C0: cannot handle this case (p1,p2,p3 dependent, on threshold)
 Rot3: all three external masses zero !
 C0: cannot handle this case (p1,p2,p3 dependent, on threshold)
 Rot3: all three external masses zero !
 C0: cannot handle this case (p1,p2,p3 dependent, on threshold)
 Rot3: all three external masses zero !
 C0: cannot handle this case (p1,p2,p3 dependent, on threshold)
 Rot3: all three external masses zero !
 C0: cannot handle this case (p1,p2,p3 dependent, on threshold)
 Rot3: all three external masses zero !
 C0: cannot handle this case (p1,p2,p3 dependent, on threshold)
 Rot3: all three external masses zero !
 C0: cannot handle this case (p1,p2,p3 dependent, on threshold)
 Rot3: all three external masses zero !
 C0: cannot handle this case (p1,p2,p3 dependent, on threshold)
 Rot3: all three external masses zero !
 C0: cannot handle this case (p1,p2,p3 dependent, on threshold)
 Rot3: all three external masses zero !
 C0: cannot handle this case (p1,p2,p3 dependent, on threshold)
 Rot3: all three external masses zero !
 C0: cannot handle this case (p1,p2,p3 dependent, on threshold)
 Rot3: all three external masses zero !
 C0: cannot handle this case (p1,p2,p3 dependent, on threshold)
 Rot3: all three external masses zero !
 C0: cannot handle this case (p1,p2,p3 dependent, on threshold)
 Rot3: all three external masses zero !
 C0: cannot handle this case (p1,p2,p3 dependent, on threshold)
 Rot3: all three external masses zero !
 C0: cannot handle this case (p1,p2,p3 dependent, on threshold)
 Rot3: all three external masses zero !
 C0: cannot handle this case (p1,p2,p3 dependent, on threshold)
 Rot3: all three external masses zero !
 C0: cannot handle this case (p1,p2,p3 dependent, on threshold)
 Rot3: all three external masses zero !
 C0: cannot handle this case (p1,p2,p3 dependent, on threshold)
 Rot3: all three external masses zero !
 C0: cannot handle this case (p1,p2,p3 dependent, on threshold)
 Rot3: all three external masses zero !
 C0: cannot handle this case (p1,p2,p3 dependent, on threshold)
 Rot3: all three external masses zero !
 C0: cannot handle this case (p1,p2,p3 dependent, on threshold)
 Rot3: all three external masses zero !
 C0: cannot handle this case (p1,p2,p3 dependent, on threshold)
 Rot3: all three external masses zero !
 C0: cannot handle this case (p1,p2,p3 dependent, on threshold)
 Rot3: all three external masses zero !
 C0: cannot handle this case (p1,p2,p3 dependent, on threshold)
 Rot3: all three external masses zero !
 C0: cannot handle this case (p1,p2,p3 dependent, on threshold)
 Rot3: all three external masses zero !
 C0: cannot handle this case (p1,p2,p3 dependent, on threshold)
 Rot3: all three external masses zero !
 C0: cannot handle this case (p1,p2,p3 dependent, on threshold)
 Rot3: all three external masses zero !
 C0: cannot handle this case (p1,p2,p3 dependent, on threshold)
 Rot3: all three external masses zero !
 C0: cannot handle this case (p1,p2,p3 dependent, on threshold)
 Rot3: all three external masses zero !
 C0: cannot handle this case (p1,p2,p3 dependent, on threshold)
 Rot3: all three external masses zero !
 C0: cannot handle this case (p1,p2,p3 dependent, on threshold)
 Rot3: all three external masses zero !
 C0: cannot handle this case (p1,p2,p3 dependent, on threshold)
 Rot3: all three external masses zero !
 C0: cannot handle this case (p1,p2,p3 dependent, on threshold)
 Rot3: all three external masses zero !
 C0: cannot handle this case (p1,p2,p3 dependent, on threshold)
 Rot3: all three external masses zero !
 C0: cannot handle this case (p1,p2,p3 dependent, on threshold)
 Rot3: all three external masses zero !
 C0: cannot handle this case (p1,p2,p3 dependent, on threshold)
 Rot3: all three external masses zero !
 C0: cannot handle this case (p1,p2,p3 dependent, on threshold)
 Rot3: all three external masses zero !
 C0: cannot handle this case (p1,p2,p3 dependent, on threshold)
 Rot3: all three external masses zero !
 C0: cannot handle this case (p1,p2,p3 dependent, on threshold)
 Rot3: all three external masses zero !
 C0: cannot handle this case (p1,p2,p3 dependent, on threshold)
 Rot3: all three external masses zero !
 C0: cannot handle this case (p1,p2,p3 dependent, on threshold)
 Rot3: all three external masses zero !
 C0: cannot handle this case (p1,p2,p3 dependent, on threshold)
 Rot3: all three external masses zero !
 C0: cannot handle this case (p1,p2,p3 dependent, on threshold)
 Rot3: all three external masses zero !
 C0: cannot handle this case (p1,p2,p3 dependent, on threshold)
 Rot3: all three external masses zero !
 C0: cannot handle this case (p1,p2,p3 dependent, on threshold)
 Rot3: all three external masses zero !
 C0: cannot handle this case (p1,p2,p3 dependent, on threshold)
 Rot3: all three external masses zero !
 C0: cannot handle this case (p1,p2,p3 dependent, on threshold)
 Rot3: all three external masses zero !
 C0: cannot handle this case (p1,p2,p3 dependent, on threshold)
 Rot3: all three external masses zero !
 C0: cannot handle this case (p1,p2,p3 dependent, on threshold)
 Rot3: all three external masses zero !
 C0: cannot handle this case (p1,p2,p3 dependent, on threshold)
 Rot3: all three external masses zero !
 C0: cannot handle this case (p1,p2,p3 dependent, on threshold)
 Rot3: all three external masses zero !
 C0: cannot handle this case (p1,p2,p3 dependent, on threshold)
 Rot3: all three external masses zero !
 C0: cannot handle this case (p1,p2,p3 dependent, on threshold)
 Rot3: all three external masses zero !
 C0: cannot handle this case (p1,p2,p3 dependent, on threshold)
 Rot3: all three external masses zero !
 C0: cannot handle this case (p1,p2,p3 dependent, on threshold)
 Rot3: all three external masses zero !
 C0: cannot handle this case (p1,p2,p3 dependent, on threshold)
 Rot3: all three external masses zero !
 C0: cannot handle this case (p1,p2,p3 dependent, on threshold)
 Rot3: all three external masses zero !
 C0: cannot handle this case (p1,p2,p3 dependent, on threshold)
 Rot3: all three external masses zero !
 C0: cannot handle this case (p1,p2,p3 dependent, on threshold)
 Rot3: all three external masses zero !
 C0: cannot handle this case (p1,p2,p3 dependent, on threshold)
 Rot3: all three external masses zero !
 C0: cannot handle this case (p1,p2,p3 dependent, on threshold)
 Rot3: all three external masses zero !
 C0: cannot handle this case (p1,p2,p3 dependent, on threshold)
 Rot3: all three external masses zero !
 C0: cannot handle this case (p1,p2,p3 dependent, on threshold)
 Rot3: all three external masses zero !
 C0: cannot handle this case (p1,p2,p3 dependent, on threshold)
 Rot3: all three external masses zero !
 C0: cannot handle this case (p1,p2,p3 dependent, on threshold)
 Rot3: all three external masses zero !
 C0: cannot handle this case (p1,p2,p3 dependent, on threshold)
 Rot3: all three external masses zero !
 C0: cannot handle this case (p1,p2,p3 dependent, on threshold)
 Rot3: all three external masses zero !
 C0: cannot handle this case (p1,p2,p3 dependent, on threshold)
 Rot3: all three external masses zero !
 C0: cannot handle this case (p1,p2,p3 dependent, on threshold)
 Rot3: all three external masses zero !
 C0: cannot handle this case (p1,p2,p3 dependent, on threshold)
 Rot3: all three external masses zero !
 C0: cannot handle this case (p1,p2,p3 dependent, on threshold)
 Rot3: all three external masses zero !
 C0: cannot handle this case (p1,p2,p3 dependent, on threshold)
 Rot3: all three external masses zero !
 C0: cannot handle this case (p1,p2,p3 dependent, on threshold)
 Rot3: all three external masses zero !
 C0: cannot handle this case (p1,p2,p3 dependent, on threshold)
 Rot3: all three external masses zero !
 C0: cannot handle this case (p1,p2,p3 dependent, on threshold)
 Rot3: all three external masses zero !
 C0: cannot handle this case (p1,p2,p3 dependent, on threshold)
 Rot3: all three external masses zero !
 C0: cannot handle this case (p1,p2,p3 dependent, on threshold)
 Rot3: all three external masses zero !
 C0: cannot handle this case (p1,p2,p3 dependent, on threshold)
 Rot3: all three external masses zero !
 C0: cannot handle this case (p1,p2,p3 dependent, on threshold)
 Rot3: all three external masses zero !
 C0: cannot handle this case (p1,p2,p3 dependent, on threshold)
 Rot3: all three external masses zero !
 C0: cannot handle this case (p1,p2,p3 dependent, on threshold)
 Rot3: all three external masses zero !
 C0: cannot handle this case (p1,p2,p3 dependent, on threshold)
 Rot3: all three external masses zero !
 C0: cannot handle this case (p1,p2,p3 dependent, on threshold)
 Rot3: all three external masses zero !
 C0: cannot handle this case (p1,p2,p3 dependent, on threshold)
 Rot3: all three external masses zero !
 C0: cannot handle this case (p1,p2,p3 dependent, on threshold)
 Rot3: all three external masses zero !
 C0: cannot handle this case (p1,p2,p3 dependent, on threshold)
 Rot3: all three external masses zero !
 C0: cannot handle this case (p1,p2,p3 dependent, on threshold)
 Rot3: all three external masses zero !
 C0: cannot handle this case (p1,p2,p3 dependent, on threshold)
 Rot3: all three external masses zero !
 C0: cannot handle this case (p1,p2,p3 dependent, on threshold)
 Rot3: all three external masses zero !
 C0: cannot handle this case (p1,p2,p3 dependent, on threshold)
 Rot3: all three external masses zero !
 C0: cannot handle this case (p1,p2,p3 dependent, on threshold)
 Rot3: all three external masses zero !
 C0: cannot handle this case (p1,p2,p3 dependent, on threshold)
 Rot3: all three external masses zero !
 C0: cannot handle this case (p1,p2,p3 dependent, on threshold)
 Rot3: all three external masses zero !
 C0: cannot handle this case (p1,p2,p3 dependent, on threshold)
 Rot3: all three external masses zero !
 C0: cannot handle this case (p1,p2,p3 dependent, on threshold)
 Rot3: all three external masses zero !
 C0: cannot handle this case (p1,p2,p3 dependent, on threshold)
 Rot3: all three external masses zero !
 C0: cannot handle this case (p1,p2,p3 dependent, on threshold)
 Rot3: all three external masses zero !
 C0: cannot handle this case (p1,p2,p3 dependent, on threshold)
 Rot3: all three external masses zero !
 C0: cannot handle this case (p1,p2,p3 dependent, on threshold)
 Rot3: all three external masses zero !
 C0: cannot handle this case (p1,p2,p3 dependent, on threshold)
 Rot3: all three external masses zero !
 C0: cannot handle this case (p1,p2,p3 dependent, on threshold)
 Rot3: all three external masses zero !
 C0: cannot handle this case (p1,p2,p3 dependent, on threshold)
 Rot3: all three external masses zero !
 C0: cannot handle this case (p1,p2,p3 dependent, on threshold)
 Rot3: all three external masses zero !
 C0: cannot handle this case (p1,p2,p3 dependent, on threshold)
 Rot3: all three external masses zero !
 C0: cannot handle this case (p1,p2,p3 dependent, on threshold)
 Rot3: all three external masses zero !
 C0: cannot handle this case (p1,p2,p3 dependent, on threshold)
 Rot3: all three external masses zero !
 C0: cannot handle this case (p1,p2,p3 dependent, on threshold)
 Rot3: all three external masses zero !
 C0: cannot handle this case (p1,p2,p3 dependent, on threshold)
 Rot3: all three external masses zero !
 C0: cannot handle this case (p1,p2,p3 dependent, on threshold)
 Rot3: all three external masses zero !
 C0: cannot handle this case (p1,p2,p3 dependent, on threshold)
 Rot3: all three external masses zero !
 C0: cannot handle this case (p1,p2,p3 dependent, on threshold)
 Rot3: all three external masses zero !
 C0: cannot handle this case (p1,p2,p3 dependent, on threshold)
 Rot3: all three external masses zero !
 C0: cannot handle this case (p1,p2,p3 dependent, on threshold)
 Rot3: all three external masses zero !
 C0: cannot handle this case (p1,p2,p3 dependent, on threshold)
 Rot3: all three external masses zero !
 C0: cannot handle this case (p1,p2,p3 dependent, on threshold)
 Rot3: all three external masses zero !
 C0: cannot handle this case (p1,p2,p3 dependent, on threshold)
 Rot3: all three external masses zero !
 C0: cannot handle this case (p1,p2,p3 dependent, on threshold)
 Rot3: all three external masses zero !
 C0: cannot handle this case (p1,p2,p3 dependent, on threshold)
 Rot3: all three external masses zero !
 C0: cannot handle this case (p1,p2,p3 dependent, on threshold)
 Rot3: all three external masses zero !
 C0: cannot handle this case (p1,p2,p3 dependent, on threshold)
 Rot3: all three external masses zero !
 C0: cannot handle this case (p1,p2,p3 dependent, on threshold)
 Rot3: all three external masses zero !
 C0: cannot handle this case (p1,p2,p3 dependent, on threshold)
 Rot3: all three external masses zero !
 C0: cannot handle this case (p1,p2,p3 dependent, on threshold)
 Rot3: all three external masses zero !
 C0: cannot handle this case (p1,p2,p3 dependent, on threshold)
 Rot3: all three external masses zero !
 C0: cannot handle this case (p1,p2,p3 dependent, on threshold)
 Rot3: all three external masses zero !
 C0: cannot handle this case (p1,p2,p3 dependent, on threshold)
 Rot3: all three external masses zero !
 C0: cannot handle this case (p1,p2,p3 dependent, on threshold)
 Rot3: all three external masses zero !
 C0: cannot handle this case (p1,p2,p3 dependent, on threshold)
 Rot3: all three external masses zero !
 C0: cannot handle this case (p1,p2,p3 dependent, on threshold)
 Rot3: all three external masses zero !
 C0: cannot handle this case (p1,p2,p3 dependent, on threshold)
 Rot3: all three external masses zero !
 C0: cannot handle this case (p1,p2,p3 dependent, on threshold)
 Rot3: all three external masses zero !
 C0: cannot handle this case (p1,p2,p3 dependent, on threshold)
 Rot3: all three external masses zero !
 C0: cannot handle this case (p1,p2,p3 dependent, on threshold)
 Rot3: all three external masses zero !
 C0: cannot handle this case (p1,p2,p3 dependent, on threshold)
 Rot3: all three external masses zero !
 C0: cannot handle this case (p1,p2,p3 dependent, on threshold)
 Rot3: all three external masses zero !
 C0: cannot handle this case (p1,p2,p3 dependent, on threshold)
 Rot3: all three external masses zero !
 C0: cannot handle this case (p1,p2,p3 dependent, on threshold)
 Rot3: all three external masses zero !
 C0: cannot handle this case (p1,p2,p3 dependent, on threshold)
 Rot3: all three external masses zero !
 C0: cannot handle this case (p1,p2,p3 dependent, on threshold)
 Rot3: all three external masses zero !
 C0: cannot handle this case (p1,p2,p3 dependent, on threshold)
 Rot3: all three external masses zero !
 C0: cannot handle this case (p1,p2,p3 dependent, on threshold)
 Rot3: all three external masses zero !
 C0: cannot handle this case (p1,p2,p3 dependent, on threshold)
 Rot3: all three external masses zero !
 C0: cannot handle this case (p1,p2,p3 dependent, on threshold)
 Rot3: all three external masses zero !
 C0: cannot handle this case (p1,p2,p3 dependent, on threshold)
 Rot3: all three external masses zero !
 C0: cannot handle this case (p1,p2,p3 dependent, on threshold)
 Rot3: all three external masses zero !
 C0: cannot handle this case (p1,p2,p3 dependent, on threshold)
 Rot3: all three external masses zero !
 C0: cannot handle this case (p1,p2,p3 dependent, on threshold)
 Rot3: all three external masses zero !
 C0: cannot handle this case (p1,p2,p3 dependent, on threshold)
 Rot3: all three external masses zero !
 C0: cannot handle this case (p1,p2,p3 dependent, on threshold)
 Rot3: all three external masses zero !
 C0: cannot handle this case (p1,p2,p3 dependent, on threshold)
 Rot3: all three external masses zero !
 C0: cannot handle this case (p1,p2,p3 dependent, on threshold)
 Rot3: all three external masses zero !
 C0: cannot handle this case (p1,p2,p3 dependent, on threshold)
 Rot3: all three external masses zero !
 C0: cannot handle this case (p1,p2,p3 dependent, on threshold)
 Rot3: all three external masses zero !
 C0: cannot handle this case (p1,p2,p3 dependent, on threshold)
 Rot3: all three external masses zero !
 C0: cannot handle this case (p1,p2,p3 dependent, on threshold)
 Rot3: all three external masses zero !
 C0: cannot handle this case (p1,p2,p3 dependent, on threshold)
 Rot3: all three external masses zero !
 C0: cannot handle this case (p1,p2,p3 dependent, on threshold)
 Rot3: all three external masses zero !
 C0: cannot handle this case (p1,p2,p3 dependent, on threshold)
 Rot3: all three external masses zero !
 C0: cannot handle this case (p1,p2,p3 dependent, on threshold)
 Rot3: all three external masses zero !
 C0: cannot handle this case (p1,p2,p3 dependent, on threshold)
 Rot3: all three external masses zero !
 C0: cannot handle this case (p1,p2,p3 dependent, on threshold)
 Rot3: all three external masses zero !
 C0: cannot handle this case (p1,p2,p3 dependent, on threshold)
 Rot3: all three external masses zero !
 C0: cannot handle this case (p1,p2,p3 dependent, on threshold)
 Rot3: all three external masses zero !
 C0: cannot handle this case (p1,p2,p3 dependent, on threshold)
 Rot3: all three external masses zero !
 C0: cannot handle this case (p1,p2,p3 dependent, on threshold)
 Rot3: all three external masses zero !
 C0: cannot handle this case (p1,p2,p3 dependent, on threshold)
 Rot3: all three external masses zero !
 C0: cannot handle this case (p1,p2,p3 dependent, on threshold)
 Rot3: all three external masses zero !
 C0: cannot handle this case (p1,p2,p3 dependent, on threshold)
 Rot3: all three external masses zero !
 C0: cannot handle this case (p1,p2,p3 dependent, on threshold)
 Rot3: all three external masses zero !
 C0: cannot handle this case (p1,p2,p3 dependent, on threshold)
 Rot3: all three external masses zero !
 C0: cannot handle this case (p1,p2,p3 dependent, on threshold)
 Rot3: all three external masses zero !
 C0: cannot handle this case (p1,p2,p3 dependent, on threshold)
 Rot3: all three external masses zero !
 C0: cannot handle this case (p1,p2,p3 dependent, on threshold)
 Rot3: all three external masses zero !
 C0: cannot handle this case (p1,p2,p3 dependent, on threshold)
 Rot3: all three external masses zero !
 C0: cannot handle this case (p1,p2,p3 dependent, on threshold)
 Rot3: all three external masses zero !
 C0: cannot handle this case (p1,p2,p3 dependent, on threshold)
 Rot3: all three external masses zero !
 C0: cannot handle this case (p1,p2,p3 dependent, on threshold)
 Rot3: all three external masses zero !
 C0: cannot handle this case (p1,p2,p3 dependent, on threshold)
 Rot3: all three external masses zero !
 C0: cannot handle this case (p1,p2,p3 dependent, on threshold)
 Rot3: all three external masses zero !
 C0: cannot handle this case (p1,p2,p3 dependent, on threshold)
 Rot3: all three external masses zero !
 C0: cannot handle this case (p1,p2,p3 dependent, on threshold)
 Rot3: all three external masses zero !
 C0: cannot handle this case (p1,p2,p3 dependent, on threshold)
 Rot3: all three external masses zero !
 C0: cannot handle this case (p1,p2,p3 dependent, on threshold)
 Rot3: all three external masses zero !
 C0: cannot handle this case (p1,p2,p3 dependent, on threshold)
 Rot3: all three external masses zero !
 C0: cannot handle this case (p1,p2,p3 dependent, on threshold)
 Rot3: all three external masses zero !
 C0: cannot handle this case (p1,p2,p3 dependent, on threshold)
 Rot3: all three external masses zero !
 C0: cannot handle this case (p1,p2,p3 dependent, on threshold)
 Rot3: all three external masses zero !
 C0: cannot handle this case (p1,p2,p3 dependent, on threshold)
 Rot3: all three external masses zero !
 C0: cannot handle this case (p1,p2,p3 dependent, on threshold)
 Rot3: all three external masses zero !
 C0: cannot handle this case (p1,p2,p3 dependent, on threshold)
 Rot3: all three external masses zero !
 C0: cannot handle this case (p1,p2,p3 dependent, on threshold)
 Rot3: all three external masses zero !
 C0: cannot handle this case (p1,p2,p3 dependent, on threshold)
 Rot3: all three external masses zero !
 C0: cannot handle this case (p1,p2,p3 dependent, on threshold)
 Rot3: all three external masses zero !
 C0: cannot handle this case (p1,p2,p3 dependent, on threshold)
 Rot3: all three external masses zero !
 C0: cannot handle this case (p1,p2,p3 dependent, on threshold)
 Rot3: all three external masses zero !
 C0: cannot handle this case (p1,p2,p3 dependent, on threshold)
 Rot3: all three external masses zero !
 C0: cannot handle this case (p1,p2,p3 dependent, on threshold)
 Rot3: all three external masses zero !
 C0: cannot handle this case (p1,p2,p3 dependent, on threshold)
 Rot3: all three external masses zero !
 C0: cannot handle this case (p1,p2,p3 dependent, on threshold)
 Rot3: all three external masses zero !
 C0: cannot handle this case (p1,p2,p3 dependent, on threshold)
 Problem in Function B0, divergence for k->0, m1=m2=0
 Problem in Function B0, divergence for k->0, m1=m2=0
 Problem in Function B0, divergence for k->0, m1=m2=0
 Problem in Function B0, divergence for k->0, m1=m2=0
 Problem in Function B0, divergence for k->0, m1=m2=0
 Problem in Function B0, divergence for k->0, m1=m2=0
 Problem in Function B0, divergence for k->0, m1=m2=0
 Problem in Function B0, divergence for k->0, m1=m2=0
 Problem in Function B0, divergence for k->0, m1=m2=0
 Problem in Function B0, divergence for k->0, m1=m2=0
 Problem in Function B0, divergence for k->0, m1=m2=0
 Problem in Function B0, divergence for k->0, m1=m2=0
 Problem in Function B0, divergence for k->0, m1=m2=0
 Problem in Function B0, divergence for k->0, m1=m2=0
 Problem in Function B0, divergence for k->0, m1=m2=0
 Problem in Function B0, divergence for k->0, m1=m2=0
 Problem in Function B0, divergence for k->0, m1=m2=0
 Problem in Function B0, divergence for k->0, m1=m2=0
 Problem in Function B0, divergence for k->0, m1=m2=0
 Problem in Function B0, divergence for k->0, m1=m2=0
 Problem in Function B0, divergence for k->0, m1=m2=0
 Problem in Function B0, divergence for k->0, m1=m2=0
 Problem in Function B0, divergence for k->0, m1=m2=0
 Problem in Function B0, divergence for k->0, m1=m2=0
 Problem in Function B0, divergence for k->0, m1=m2=0
 Problem in Function B0, divergence for k->0, m1=m2=0
 Problem in Function B0, divergence for k->0, m1=m2=0
